{"/home/travis/build/kaizhu256/node-utility2/test.js":{"path":"/home/travis/build/kaizhu256/node-utility2/test.js","s":{"1":3,"2":3,"3":3,"4":3,"5":3,"6":3,"7":3,"8":1,"9":3,"10":3,"11":2,"12":2,"13":1,"14":1,"15":3,"16":3,"17":55,"18":55,"19":3,"20":1,"21":1,"22":1,"23":1,"24":1,"25":3,"26":2,"27":2,"28":2,"29":2,"30":2,"31":2,"32":2,"33":2,"34":2,"35":2,"36":2,"37":2,"38":2,"39":2,"40":2,"41":3,"42":2,"43":2,"44":2,"45":2,"46":2,"47":2,"48":2,"49":2,"50":2,"51":3,"52":2,"53":2,"54":2,"55":2,"56":2,"57":2,"58":2,"59":2,"60":3,"61":2,"62":2,"63":2,"64":1,"65":1,"66":1,"67":2,"68":1,"69":1,"70":1,"71":1,"72":3,"73":2,"74":2,"75":2,"76":2,"77":2,"78":2,"79":3,"80":2,"81":2,"82":2,"83":2,"84":2,"85":2,"86":3,"87":2,"88":2,"89":8,"90":8,"91":8,"92":8,"93":8,"94":8,"95":8,"96":3,"97":2,"98":2,"99":8,"100":8,"101":8,"102":8,"103":8,"104":8,"105":4,"106":4,"107":4,"108":4,"109":4,"110":4,"111":8,"112":2,"113":2,"114":2,"115":2,"116":2,"117":2,"118":2,"119":2,"120":2,"121":2,"122":2,"123":2,"124":2,"125":2,"126":3,"127":2,"128":2,"129":2,"130":2,"131":2,"132":3,"133":2,"134":2,"135":2,"136":2,"137":2,"138":2,"139":2,"140":2,"141":2,"142":2,"143":2,"144":2,"145":2,"146":2,"147":2,"148":2,"149":2,"150":2,"151":2,"152":10,"153":50,"154":10,"155":40,"156":2,"157":3,"158":2,"159":2,"160":2,"161":2,"162":2,"163":2,"164":3,"165":2,"166":2,"167":4,"168":4,"169":12,"170":12,"171":12,"172":12,"173":4,"174":2,"175":2,"176":2,"177":2,"178":4,"179":4,"180":4,"181":12,"182":4,"183":3,"184":4,"185":4,"186":4,"187":262144,"188":4,"189":16384,"190":4,"191":4,"192":4,"193":4,"194":3,"195":2,"196":2,"197":2,"198":3,"199":2,"200":22,"201":22,"202":22,"203":2,"204":3,"205":2,"206":22,"207":2,"208":2,"209":2,"210":2,"211":2,"212":2,"213":3,"214":2,"215":2,"216":6,"217":2,"218":2,"219":2,"220":2,"221":3,"222":2,"223":2,"224":2,"225":2,"226":3,"227":2,"228":2,"229":2,"230":2,"231":3,"232":2,"233":2,"234":2,"235":2,"236":2,"237":2,"238":2,"239":2,"240":3,"241":2,"242":2,"243":2,"244":2,"245":2,"246":2,"247":2,"248":2,"249":2,"250":2,"251":2,"252":3,"253":2,"254":2,"255":16,"256":16,"257":2,"258":3,"259":2,"260":2,"261":20,"262":20,"263":20,"264":2,"265":2,"266":2,"267":2,"268":3,"269":2,"270":2,"271":2,"272":2,"273":2,"274":2,"275":2,"276":2,"277":2,"278":3,"279":2,"280":2,"281":2,"282":2,"283":2,"284":2,"285":2,"286":2,"287":2,"288":2,"289":3,"290":2,"291":2,"292":2,"293":2,"294":2048,"295":2,"296":2,"297":3,"298":2,"299":2,"300":2,"301":200,"302":200,"303":200,"304":2,"305":2,"306":3,"307":2,"308":2,"309":2,"310":2,"311":2,"312":2,"313":2,"314":2,"315":2,"316":2,"317":2,"318":2,"319":2,"320":2,"321":2,"322":2,"323":2,"324":2,"325":2,"326":2,"327":3,"328":2,"329":2,"330":2,"331":3,"332":2,"333":2,"334":2,"335":2,"336":3,"337":2,"338":2,"339":2,"340":3,"341":2,"342":2,"343":2,"344":10,"345":50,"346":2,"347":2,"348":2,"349":2,"350":2,"351":3,"352":2,"353":2,"354":2,"355":10,"356":50,"357":2,"358":2,"359":2,"360":2,"361":2,"362":2,"363":2,"364":3,"365":2,"366":2,"367":2,"368":24,"369":6,"370":2,"371":2,"372":3,"373":2,"374":2,"375":2,"376":2,"377":2,"378":2,"379":2,"380":3,"381":2,"382":2,"383":2,"384":2,"385":2,"386":2,"387":3,"388":2,"389":2,"390":4,"391":2,"392":2,"393":2,"394":2,"395":2,"396":3,"397":2,"398":2,"399":12,"400":2,"401":2,"402":2,"403":2,"404":2,"405":4,"406":4,"407":4,"408":2,"409":2,"410":2,"411":2,"412":2,"413":2,"414":2,"415":2,"416":20,"417":20,"418":20,"419":20,"420":20,"421":2,"422":2,"423":2,"424":2,"425":2,"426":2,"427":2,"428":10,"429":10,"430":10,"431":10,"432":2,"433":2,"434":2,"435":2,"436":2,"437":2,"438":2,"439":2,"440":3,"441":2,"442":2,"443":2,"444":2,"445":2,"446":2,"447":2,"448":2,"449":2,"450":2,"451":2,"452":2,"453":2,"454":2,"455":2,"456":3,"457":2,"458":2,"459":2,"460":2,"461":2,"462":2,"463":2,"464":2,"465":3,"466":2,"467":2,"468":2,"469":2,"470":2,"471":2,"472":2,"473":2,"474":2,"475":2,"476":3,"477":2,"478":2,"479":2,"480":3,"481":2,"482":2,"483":2,"484":2,"485":2,"486":2,"487":2,"488":2,"489":3,"490":2,"491":2,"492":2,"493":2,"494":3,"495":2,"496":2,"497":2,"498":2,"499":3,"500":2,"501":2,"502":2,"503":2,"504":3,"505":2,"506":2,"507":2,"508":14,"509":2,"510":4,"511":2,"512":2,"513":2,"514":2,"515":2,"516":2,"517":2,"518":2,"519":2,"520":2,"521":2,"522":2,"523":2,"524":2,"525":2,"526":2,"527":2,"528":2,"529":2,"530":2,"531":2,"532":2,"533":2,"534":2,"535":2,"536":2,"537":2,"538":3,"539":2,"540":2,"541":2,"542":2,"543":2,"544":2,"545":2,"546":3,"547":2,"548":2,"549":4,"550":2,"551":2,"552":2,"553":2,"554":2,"555":3,"556":2,"557":2,"558":2,"559":2,"560":2,"561":2,"562":2,"563":2,"564":3,"565":2,"566":2,"567":2,"568":2,"569":2,"570":3,"571":2,"572":2,"573":2,"574":2,"575":2,"576":2,"577":3,"578":2,"579":2,"580":2,"581":2,"582":2,"583":3,"584":2,"585":2,"586":2,"587":2,"588":3,"589":2,"590":1,"591":1,"592":1,"593":1,"594":1,"595":1,"596":1,"597":2,"598":1,"599":1,"600":1,"601":1,"602":1,"603":1,"604":1,"605":1,"606":1,"607":1,"608":1,"609":1,"610":1,"611":1,"612":1,"613":2,"614":1,"615":1,"616":1,"617":1,"618":2,"619":1,"620":1,"621":1,"622":4,"623":1,"624":1,"625":1,"626":1,"627":1,"628":1,"629":1,"630":1,"631":1,"632":1,"633":1,"634":1,"635":1,"636":1,"637":1,"638":1,"639":1,"640":1,"641":1,"642":1,"643":1,"644":1,"645":1,"646":1,"647":1,"648":1,"649":1,"650":1,"651":1,"652":4,"653":2,"654":1,"655":1,"656":1,"657":1,"658":1,"659":1,"660":1,"661":1,"662":1,"663":2,"664":2,"665":2,"666":2,"667":2,"668":2,"669":1,"670":2,"671":2,"672":2,"673":2,"674":2,"675":2,"676":10,"677":10,"678":2,"679":1,"680":2,"681":2,"682":2,"683":6,"684":6,"685":2,"686":1,"687":1,"688":1,"689":1,"690":1,"691":1,"692":1,"693":1,"694":1,"695":1,"696":1,"697":1,"698":1,"699":1,"700":1,"701":1,"702":1,"703":1,"704":1,"705":1,"706":1,"707":1,"708":1,"709":1,"710":1,"711":1,"712":1,"713":1,"714":1,"715":1,"716":1,"717":1,"718":1,"719":1,"720":1,"721":1,"722":1,"723":1,"724":1,"725":1,"726":1,"727":1,"728":1,"729":1,"730":1,"731":1,"732":1,"733":1,"734":1,"735":1,"736":1,"737":1,"738":1,"739":1,"740":1,"741":1,"742":1,"743":1,"744":1,"745":1,"746":1,"747":1,"748":1,"749":1,"750":1,"751":1,"752":1,"753":1,"754":1,"755":1,"756":1,"757":1,"758":1,"759":1,"760":1,"761":1,"762":1,"763":1,"764":1,"765":1,"766":1,"767":1,"768":1,"769":1,"770":1,"771":1,"772":1,"773":1,"774":1,"775":1,"776":1,"777":1,"778":1,"779":1,"780":1,"781":1,"782":1,"783":1,"784":1,"785":1,"786":1,"787":1,"788":1,"789":1,"790":1,"791":1,"792":1,"793":1,"794":1,"795":1,"796":4,"797":4,"798":4,"799":1,"800":1,"801":7,"802":1,"803":1,"804":1,"805":1,"806":1,"807":1,"808":1,"809":1,"810":1,"811":1,"812":1,"813":1,"814":1,"815":1,"816":1,"817":1,"818":1,"819":1,"820":2,"821":1,"822":1,"823":1,"824":1,"825":1,"826":1,"827":1,"828":1,"829":1,"830":1,"831":1,"832":1,"833":1,"834":1,"835":1,"836":1,"837":1,"838":1,"839":1,"840":1,"841":3,"842":3,"843":3,"844":34,"845":9,"846":9,"847":9,"848":8,"849":8,"850":8,"851":8,"852":8,"853":2,"854":2,"855":2,"856":2,"857":2,"858":2,"859":2,"860":2,"861":2,"862":2,"863":2,"864":2,"865":5,"866":5,"867":5,"868":8,"869":3,"870":2,"871":1,"872":0,"873":1,"874":1,"875":0,"876":0,"877":0,"878":0,"879":0,"880":0,"881":0,"882":1,"883":0,"884":0,"885":0,"886":0,"887":0,"888":0,"889":0,"890":0,"891":0,"892":0,"893":0,"894":0,"895":0,"896":0,"897":0,"898":0,"899":0,"900":0,"901":0,"902":1},"b":{"1":[3,2,2,2],"2":[1,1,1,1],"3":[2,1],"4":[2,1],"5":[2,2],"6":[1,1],"7":[55,18],"8":[2,1],"9":[1,1],"10":[2,6],"11":[1,7],"12":[8,2],"13":[2,4,4],"14":[10,40],"15":[4,4,4],"16":[2,2],"17":[6,2],"18":[200,3],"19":[10,40],"20":[10,40],"21":[6,18],"22":[24,22,8],"23":[2,2,2,2,2,2],"24":[20,10],"25":[2,2],"26":[2,2],"27":[2,2,2,2,2,2,2],"28":[2,1],"29":[1,1,1,1],"30":[9,8,2,2,5,8],"31":[2,1],"32":[0,1],"33":[1,1],"34":[0,1],"35":[0,0],"36":[0],"37":[0,0],"38":[0,0],"39":[0,0],"40":[0,0],"41":[0,0],"42":[0,0],"43":[0,0]},"f":{"1":3,"2":3,"3":3,"4":3,"5":55,"6":1,"7":2,"8":2,"9":2,"10":2,"11":2,"12":2,"13":2,"14":2,"15":2,"16":2,"17":1,"18":2,"19":2,"20":2,"21":2,"22":2,"23":8,"24":8,"25":2,"26":8,"27":8,"28":2,"29":2,"30":2,"31":2,"32":2,"33":2,"34":2,"35":2,"36":2,"37":2,"38":2,"39":2,"40":2,"41":2,"42":10,"43":50,"44":2,"45":2,"46":4,"47":12,"48":12,"49":4,"50":2,"51":2,"52":2,"53":22,"54":2,"55":22,"56":2,"57":2,"58":2,"59":2,"60":2,"61":6,"62":2,"63":2,"64":2,"65":2,"66":2,"67":2,"68":2,"69":2,"70":16,"71":2,"72":20,"73":2,"74":2,"75":2,"76":2,"77":2,"78":2,"79":2,"80":2,"81":2,"82":10,"83":50,"84":2,"85":10,"86":50,"87":2,"88":24,"89":2,"90":2,"91":2,"92":2,"93":2,"94":2,"95":2,"96":4,"97":2,"98":2,"99":2,"100":12,"101":4,"102":2,"103":20,"104":20,"105":10,"106":2,"107":2,"108":2,"109":2,"110":2,"111":2,"112":2,"113":2,"114":2,"115":2,"116":2,"117":2,"118":2,"119":2,"120":2,"121":2,"122":2,"123":14,"124":4,"125":2,"126":2,"127":2,"128":2,"129":4,"130":2,"131":2,"132":2,"133":2,"134":2,"135":2,"136":2,"137":2,"138":2,"139":1,"140":1,"141":1,"142":1,"143":1,"144":1,"145":1,"146":4,"147":1,"148":1,"149":1,"150":1,"151":1,"152":4,"153":2,"154":1,"155":2,"156":2,"157":2,"158":2,"159":2,"160":2,"161":2,"162":10,"163":10,"164":2,"165":2,"166":6,"167":6,"168":1,"169":1,"170":1,"171":1,"172":1,"173":1,"174":1,"175":1,"176":1,"177":1,"178":1,"179":1,"180":1,"181":1,"182":1,"183":1,"184":1,"185":1,"186":1,"187":4,"188":4,"189":1,"190":7,"191":1,"192":1,"193":1,"194":1,"195":2,"196":1,"197":1,"198":1,"199":1,"200":1,"201":1,"202":1,"203":3,"204":34,"205":8,"206":8,"207":2,"208":5,"209":0,"210":0,"211":0},"fnMap":{"1":{"name":"(anonymous_1)","line":12,"loc":{"start":{"line":12,"column":1},"end":{"line":12,"column":13}}},"2":{"name":"(anonymous_2)","line":19,"loc":{"start":{"line":19,"column":5},"end":{"line":19,"column":17}}},"3":{"name":"(anonymous_3)","line":23,"loc":{"start":{"line":23,"column":24},"end":{"line":23,"column":36}}},"4":{"name":"(anonymous_4)","line":56,"loc":{"start":{"line":56,"column":5},"end":{"line":56,"column":17}}},"5":{"name":"(anonymous_5)","line":57,"loc":{"start":{"line":57,"column":36},"end":{"line":57,"column":51}}},"6":{"name":"(anonymous_6)","line":65,"loc":{"start":{"line":65,"column":49},"end":{"line":65,"column":77}}},"7":{"name":"(anonymous_7)","line":80,"loc":{"start":{"line":80,"column":42},"end":{"line":80,"column":70}}},"8":{"name":"(anonymous_8)","line":97,"loc":{"start":{"line":97,"column":32},"end":{"line":97,"column":54}}},"9":{"name":"(anonymous_9)","line":118,"loc":{"start":{"line":118,"column":40},"end":{"line":118,"column":68}}},"10":{"name":"(anonymous_10)","line":123,"loc":{"start":{"line":123,"column":51},"end":{"line":123,"column":70}}},"11":{"name":"(anonymous_11)","line":126,"loc":{"start":{"line":126,"column":15},"end":{"line":126,"column":34}}},"12":{"name":"(anonymous_12)","line":131,"loc":{"start":{"line":131,"column":36},"end":{"line":131,"column":53}}},"13":{"name":"(anonymous_13)","line":139,"loc":{"start":{"line":139,"column":43},"end":{"line":139,"column":71}}},"14":{"name":"(anonymous_14)","line":147,"loc":{"start":{"line":147,"column":32},"end":{"line":147,"column":54}}},"15":{"name":"(anonymous_15)","line":156,"loc":{"start":{"line":156,"column":49},"end":{"line":156,"column":77}}},"16":{"name":"(anonymous_16)","line":169,"loc":{"start":{"line":169,"column":45},"end":{"line":169,"column":60}}},"17":{"name":"(anonymous_17)","line":172,"loc":{"start":{"line":172,"column":15},"end":{"line":172,"column":34}}},"18":{"name":"(anonymous_18)","line":180,"loc":{"start":{"line":180,"column":36},"end":{"line":180,"column":64}}},"19":{"name":"(anonymous_19)","line":184,"loc":{"start":{"line":184,"column":59},"end":{"line":184,"column":76}}},"20":{"name":"(anonymous_20)","line":195,"loc":{"start":{"line":195,"column":37},"end":{"line":195,"column":65}}},"21":{"name":"(anonymous_21)","line":200,"loc":{"start":{"line":200,"column":32},"end":{"line":200,"column":54}}},"22":{"name":"(anonymous_22)","line":215,"loc":{"start":{"line":215,"column":36},"end":{"line":215,"column":64}}},"23":{"name":"(anonymous_23)","line":233,"loc":{"start":{"line":233,"column":42},"end":{"line":233,"column":73}}},"24":{"name":"(anonymous_24)","line":236,"loc":{"start":{"line":236,"column":36},"end":{"line":236,"column":58}}},"25":{"name":"(anonymous_25)","line":248,"loc":{"start":{"line":248,"column":35},"end":{"line":248,"column":63}}},"26":{"name":"(anonymous_26)","line":259,"loc":{"start":{"line":259,"column":17},"end":{"line":259,"column":53}}},"27":{"name":"(anonymous_27)","line":274,"loc":{"start":{"line":274,"column":19},"end":{"line":274,"column":41}}},"28":{"name":"(anonymous_28)","line":296,"loc":{"start":{"line":296,"column":15},"end":{"line":296,"column":32}}},"29":{"name":"(anonymous_29)","line":308,"loc":{"start":{"line":308,"column":19},"end":{"line":308,"column":41}}},"30":{"name":"(anonymous_30)","line":335,"loc":{"start":{"line":335,"column":38},"end":{"line":335,"column":66}}},"31":{"name":"(anonymous_31)","line":340,"loc":{"start":{"line":340,"column":23},"end":{"line":340,"column":35}}},"32":{"name":"(anonymous_32)","line":341,"loc":{"start":{"line":341,"column":36},"end":{"line":341,"column":53}}},"33":{"name":"(anonymous_33)","line":349,"loc":{"start":{"line":349,"column":43},"end":{"line":349,"column":71}}},"34":{"name":"(anonymous_34)","line":357,"loc":{"start":{"line":357,"column":34},"end":{"line":357,"column":46}}},"35":{"name":"(anonymous_35)","line":359,"loc":{"start":{"line":359,"column":15},"end":{"line":359,"column":32}}},"36":{"name":"(anonymous_36)","line":366,"loc":{"start":{"line":366,"column":34},"end":{"line":366,"column":46}}},"37":{"name":"(anonymous_37)","line":368,"loc":{"start":{"line":368,"column":15},"end":{"line":368,"column":32}}},"38":{"name":"(anonymous_38)","line":375,"loc":{"start":{"line":375,"column":34},"end":{"line":375,"column":46}}},"39":{"name":"(anonymous_39)","line":377,"loc":{"start":{"line":377,"column":15},"end":{"line":377,"column":32}}},"40":{"name":"(anonymous_40)","line":382,"loc":{"start":{"line":382,"column":34},"end":{"line":382,"column":46}}},"41":{"name":"(anonymous_41)","line":384,"loc":{"start":{"line":384,"column":15},"end":{"line":384,"column":32}}},"42":{"name":"(anonymous_42)","line":391,"loc":{"start":{"line":391,"column":33},"end":{"line":391,"column":51}}},"43":{"name":"(anonymous_43)","line":392,"loc":{"start":{"line":392,"column":37},"end":{"line":392,"column":55}}},"44":{"name":"(anonymous_44)","line":405,"loc":{"start":{"line":405,"column":43},"end":{"line":405,"column":71}}},"45":{"name":"(anonymous_45)","line":426,"loc":{"start":{"line":426,"column":42},"end":{"line":426,"column":70}}},"46":{"name":"(anonymous_46)","line":436,"loc":{"start":{"line":436,"column":42},"end":{"line":436,"column":73}}},"47":{"name":"(anonymous_47)","line":438,"loc":{"start":{"line":438,"column":50},"end":{"line":438,"column":70}}},"48":{"name":"(anonymous_48)","line":440,"loc":{"start":{"line":440,"column":62},"end":{"line":440,"column":85}}},"49":{"name":"(anonymous_49)","line":471,"loc":{"start":{"line":471,"column":46},"end":{"line":471,"column":74}}},"50":{"name":"(anonymous_50)","line":490,"loc":{"start":{"line":490,"column":47},"end":{"line":490,"column":75}}},"51":{"name":"(anonymous_51)","line":498,"loc":{"start":{"line":498,"column":36},"end":{"line":498,"column":55}}},"52":{"name":"(anonymous_52)","line":503,"loc":{"start":{"line":503,"column":56},"end":{"line":503,"column":84}}},"53":{"name":"(anonymous_53)","line":519,"loc":{"start":{"line":519,"column":22},"end":{"line":519,"column":35}}},"54":{"name":"(anonymous_54)","line":531,"loc":{"start":{"line":531,"column":56},"end":{"line":531,"column":84}}},"55":{"name":"(anonymous_55)","line":537,"loc":{"start":{"line":537,"column":26},"end":{"line":537,"column":54}}},"56":{"name":"(anonymous_56)","line":550,"loc":{"start":{"line":550,"column":41},"end":{"line":550,"column":69}}},"57":{"name":"(anonymous_57)","line":553,"loc":{"start":{"line":553,"column":42},"end":{"line":553,"column":70}}},"58":{"name":"(anonymous_58)","line":558,"loc":{"start":{"line":558,"column":39},"end":{"line":558,"column":65}}},"59":{"name":"(anonymous_59)","line":563,"loc":{"start":{"line":563,"column":36},"end":{"line":563,"column":55}}},"60":{"name":"(anonymous_60)","line":568,"loc":{"start":{"line":568,"column":46},"end":{"line":568,"column":74}}},"61":{"name":"(anonymous_61)","line":575,"loc":{"start":{"line":575,"column":35},"end":{"line":575,"column":50}}},"62":{"name":"(anonymous_62)","line":578,"loc":{"start":{"line":578,"column":15},"end":{"line":578,"column":34}}},"63":{"name":"(anonymous_63)","line":590,"loc":{"start":{"line":590,"column":38},"end":{"line":590,"column":66}}},"64":{"name":"(anonymous_64)","line":600,"loc":{"start":{"line":600,"column":38},"end":{"line":600,"column":66}}},"65":{"name":"(anonymous_65)","line":609,"loc":{"start":{"line":609,"column":36},"end":{"line":609,"column":55}}},"66":{"name":"(anonymous_66)","line":616,"loc":{"start":{"line":616,"column":51},"end":{"line":616,"column":79}}},"67":{"name":"(anonymous_67)","line":633,"loc":{"start":{"line":633,"column":59},"end":{"line":633,"column":87}}},"68":{"name":"(anonymous_68)","line":642,"loc":{"start":{"line":642,"column":36},"end":{"line":642,"column":55}}},"69":{"name":"(anonymous_69)","line":671,"loc":{"start":{"line":671,"column":42},"end":{"line":671,"column":70}}},"70":{"name":"(anonymous_70)","line":677,"loc":{"start":{"line":677,"column":67},"end":{"line":677,"column":86}}},"71":{"name":"(anonymous_71)","line":684,"loc":{"start":{"line":684,"column":54},"end":{"line":684,"column":82}}},"72":{"name":"(anonymous_72)","line":690,"loc":{"start":{"line":690,"column":75},"end":{"line":690,"column":91}}},"73":{"name":"(anonymous_73)","line":715,"loc":{"start":{"line":715,"column":47},"end":{"line":715,"column":75}}},"74":{"name":"(anonymous_74)","line":737,"loc":{"start":{"line":737,"column":45},"end":{"line":737,"column":73}}},"75":{"name":"(anonymous_75)","line":765,"loc":{"start":{"line":765,"column":54},"end":{"line":765,"column":82}}},"76":{"name":"(anonymous_76)","line":785,"loc":{"start":{"line":785,"column":45},"end":{"line":785,"column":73}}},"77":{"name":"(anonymous_77)","line":805,"loc":{"start":{"line":805,"column":46},"end":{"line":805,"column":74}}},"78":{"name":"(anonymous_78)","line":834,"loc":{"start":{"line":834,"column":55},"end":{"line":834,"column":83}}},"79":{"name":"(anonymous_79)","line":846,"loc":{"start":{"line":846,"column":50},"end":{"line":846,"column":78}}},"80":{"name":"(anonymous_80)","line":866,"loc":{"start":{"line":866,"column":50},"end":{"line":866,"column":78}}},"81":{"name":"(anonymous_81)","line":879,"loc":{"start":{"line":879,"column":50},"end":{"line":879,"column":78}}},"82":{"name":"(anonymous_82)","line":887,"loc":{"start":{"line":887,"column":52},"end":{"line":887,"column":66}}},"83":{"name":"(anonymous_83)","line":888,"loc":{"start":{"line":888,"column":56},"end":{"line":888,"column":70}}},"84":{"name":"(anonymous_84)","line":924,"loc":{"start":{"line":924,"column":51},"end":{"line":924,"column":79}}},"85":{"name":"(anonymous_85)","line":932,"loc":{"start":{"line":932,"column":52},"end":{"line":932,"column":66}}},"86":{"name":"(anonymous_86)","line":933,"loc":{"start":{"line":933,"column":56},"end":{"line":933,"column":70}}},"87":{"name":"(anonymous_87)","line":979,"loc":{"start":{"line":979,"column":48},"end":{"line":979,"column":76}}},"88":{"name":"(anonymous_88)","line":986,"loc":{"start":{"line":986,"column":42},"end":{"line":986,"column":61}}},"89":{"name":"(anonymous_89)","line":999,"loc":{"start":{"line":999,"column":48},"end":{"line":999,"column":76}}},"90":{"name":"(anonymous_90)","line":1005,"loc":{"start":{"line":1005,"column":35},"end":{"line":1005,"column":50}}},"91":{"name":"(anonymous_91)","line":1009,"loc":{"start":{"line":1009,"column":15},"end":{"line":1009,"column":34}}},"92":{"name":"(anonymous_92)","line":1022,"loc":{"start":{"line":1022,"column":44},"end":{"line":1022,"column":72}}},"93":{"name":"(anonymous_93)","line":1026,"loc":{"start":{"line":1026,"column":34},"end":{"line":1026,"column":46}}},"94":{"name":"(anonymous_94)","line":1030,"loc":{"start":{"line":1030,"column":15},"end":{"line":1030,"column":32}}},"95":{"name":"(anonymous_95)","line":1037,"loc":{"start":{"line":1037,"column":38},"end":{"line":1037,"column":66}}},"96":{"name":"(anonymous_96)","line":1043,"loc":{"start":{"line":1043,"column":34},"end":{"line":1043,"column":46}}},"97":{"name":"(anonymous_97)","line":1047,"loc":{"start":{"line":1047,"column":34},"end":{"line":1047,"column":46}}},"98":{"name":"(anonymous_98)","line":1049,"loc":{"start":{"line":1049,"column":15},"end":{"line":1049,"column":32}}},"99":{"name":"(anonymous_99)","line":1056,"loc":{"start":{"line":1056,"column":48},"end":{"line":1056,"column":76}}},"100":{"name":"(anonymous_100)","line":1061,"loc":{"start":{"line":1061,"column":34},"end":{"line":1061,"column":51}}},"101":{"name":"(anonymous_101)","line":1071,"loc":{"start":{"line":1071,"column":50},"end":{"line":1071,"column":78}}},"102":{"name":"(anonymous_102)","line":1077,"loc":{"start":{"line":1077,"column":23},"end":{"line":1077,"column":40}}},"103":{"name":"(anonymous_103)","line":1093,"loc":{"start":{"line":1093,"column":23},"end":{"line":1093,"column":51}}},"104":{"name":"(anonymous_104)","line":1097,"loc":{"start":{"line":1097,"column":35},"end":{"line":1097,"column":47}}},"105":{"name":"(anonymous_105)","line":1113,"loc":{"start":{"line":1113,"column":23},"end":{"line":1113,"column":51}}},"106":{"name":"(anonymous_106)","line":1135,"loc":{"start":{"line":1135,"column":44},"end":{"line":1135,"column":72}}},"107":{"name":"(anonymous_107)","line":1143,"loc":{"start":{"line":1143,"column":51},"end":{"line":1143,"column":63}}},"108":{"name":"(anonymous_108)","line":1150,"loc":{"start":{"line":1150,"column":23},"end":{"line":1150,"column":35}}},"109":{"name":"(anonymous_109)","line":1151,"loc":{"start":{"line":1151,"column":51},"end":{"line":1151,"column":68}}},"110":{"name":"(anonymous_110)","line":1167,"loc":{"start":{"line":1167,"column":43},"end":{"line":1167,"column":71}}},"111":{"name":"(anonymous_111)","line":1172,"loc":{"start":{"line":1172,"column":28},"end":{"line":1172,"column":45}}},"112":{"name":"(anonymous_112)","line":1186,"loc":{"start":{"line":1186,"column":21},"end":{"line":1186,"column":33}}},"113":{"name":"(anonymous_113)","line":1191,"loc":{"start":{"line":1191,"column":44},"end":{"line":1191,"column":72}}},"114":{"name":"(anonymous_114)","line":1197,"loc":{"start":{"line":1197,"column":52},"end":{"line":1197,"column":64}}},"115":{"name":"(anonymous_115)","line":1206,"loc":{"start":{"line":1206,"column":26},"end":{"line":1206,"column":45}}},"116":{"name":"(anonymous_116)","line":1208,"loc":{"start":{"line":1208,"column":15},"end":{"line":1208,"column":45}}},"117":{"name":"(anonymous_117)","line":1219,"loc":{"start":{"line":1219,"column":51},"end":{"line":1219,"column":79}}},"118":{"name":"(anonymous_118)","line":1230,"loc":{"start":{"line":1230,"column":51},"end":{"line":1230,"column":79}}},"119":{"name":"(anonymous_119)","line":1257,"loc":{"start":{"line":1257,"column":54},"end":{"line":1257,"column":82}}},"120":{"name":"(anonymous_120)","line":1267,"loc":{"start":{"line":1267,"column":54},"end":{"line":1267,"column":82}}},"121":{"name":"(anonymous_121)","line":1277,"loc":{"start":{"line":1277,"column":48},"end":{"line":1277,"column":76}}},"122":{"name":"(anonymous_122)","line":1291,"loc":{"start":{"line":1291,"column":50},"end":{"line":1291,"column":78}}},"123":{"name":"(anonymous_123)","line":1297,"loc":{"start":{"line":1297,"column":34},"end":{"line":1297,"column":57}}},"124":{"name":"(anonymous_124)","line":1301,"loc":{"start":{"line":1301,"column":29},"end":{"line":1301,"column":48}}},"125":{"name":"(anonymous_125)","line":1365,"loc":{"start":{"line":1365,"column":53},"end":{"line":1365,"column":81}}},"126":{"name":"(anonymous_126)","line":1370,"loc":{"start":{"line":1370,"column":38},"end":{"line":1370,"column":57}}},"127":{"name":"(anonymous_127)","line":1374,"loc":{"start":{"line":1374,"column":15},"end":{"line":1374,"column":27}}},"128":{"name":"(anonymous_128)","line":1382,"loc":{"start":{"line":1382,"column":43},"end":{"line":1382,"column":71}}},"129":{"name":"(anonymous_129)","line":1388,"loc":{"start":{"line":1388,"column":33},"end":{"line":1388,"column":45}}},"130":{"name":"(anonymous_130)","line":1389,"loc":{"start":{"line":1389,"column":42},"end":{"line":1389,"column":61}}},"131":{"name":"(anonymous_131)","line":1395,"loc":{"start":{"line":1395,"column":23},"end":{"line":1395,"column":35}}},"132":{"name":"(anonymous_132)","line":1401,"loc":{"start":{"line":1401,"column":48},"end":{"line":1401,"column":76}}},"133":{"name":"(anonymous_133)","line":1482,"loc":{"start":{"line":1482,"column":44},"end":{"line":1482,"column":72}}},"134":{"name":"(anonymous_134)","line":1490,"loc":{"start":{"line":1490,"column":15},"end":{"line":1490,"column":34}}},"135":{"name":"(anonymous_135)","line":1498,"loc":{"start":{"line":1498,"column":40},"end":{"line":1498,"column":68}}},"136":{"name":"(anonymous_136)","line":1514,"loc":{"start":{"line":1514,"column":42},"end":{"line":1514,"column":70}}},"137":{"name":"(anonymous_137)","line":1526,"loc":{"start":{"line":1526,"column":36},"end":{"line":1526,"column":55}}},"138":{"name":"(anonymous_138)","line":1559,"loc":{"start":{"line":1559,"column":45},"end":{"line":1559,"column":73}}},"139":{"name":"(anonymous_139)","line":1577,"loc":{"start":{"line":1577,"column":40},"end":{"line":1577,"column":68}}},"140":{"name":"(anonymous_140)","line":1582,"loc":{"start":{"line":1582,"column":73},"end":{"line":1582,"column":85}}},"141":{"name":"(anonymous_141)","line":1587,"loc":{"start":{"line":1587,"column":36},"end":{"line":1587,"column":55}}},"142":{"name":"(anonymous_142)","line":1588,"loc":{"start":{"line":1588,"column":43},"end":{"line":1588,"column":60}}},"143":{"name":"(anonymous_143)","line":1596,"loc":{"start":{"line":1596,"column":43},"end":{"line":1596,"column":71}}},"144":{"name":"(anonymous_144)","line":1626,"loc":{"start":{"line":1626,"column":51},"end":{"line":1626,"column":79}}},"145":{"name":"(anonymous_145)","line":1641,"loc":{"start":{"line":1641,"column":36},"end":{"line":1641,"column":64}}},"146":{"name":"(anonymous_146)","line":1646,"loc":{"start":{"line":1646,"column":34},"end":{"line":1646,"column":57}}},"147":{"name":"(anonymous_147)","line":1676,"loc":{"start":{"line":1676,"column":45},"end":{"line":1676,"column":73}}},"148":{"name":"(anonymous_148)","line":1684,"loc":{"start":{"line":1684,"column":15},"end":{"line":1684,"column":34}}},"149":{"name":"(anonymous_149)","line":1691,"loc":{"start":{"line":1691,"column":15},"end":{"line":1691,"column":34}}},"150":{"name":"(anonymous_150)","line":1698,"loc":{"start":{"line":1698,"column":42},"end":{"line":1698,"column":70}}},"151":{"name":"(anonymous_151)","line":1736,"loc":{"start":{"line":1736,"column":48},"end":{"line":1736,"column":76}}},"152":{"name":"(anonymous_152)","line":1744,"loc":{"start":{"line":1744,"column":45},"end":{"line":1744,"column":64}}},"153":{"name":"(anonymous_153)","line":1747,"loc":{"start":{"line":1747,"column":32},"end":{"line":1747,"column":60}}},"154":{"name":"(anonymous_154)","line":1751,"loc":{"start":{"line":1751,"column":15},"end":{"line":1751,"column":34}}},"155":{"name":"(anonymous_155)","line":1765,"loc":{"start":{"line":1765,"column":42},"end":{"line":1765,"column":70}}},"156":{"name":"(anonymous_156)","line":1770,"loc":{"start":{"line":1770,"column":32},"end":{"line":1770,"column":44}}},"157":{"name":"(anonymous_157)","line":1775,"loc":{"start":{"line":1775,"column":26},"end":{"line":1775,"column":41}}},"158":{"name":"(anonymous_158)","line":1776,"loc":{"start":{"line":1776,"column":50},"end":{"line":1776,"column":68}}},"159":{"name":"(anonymous_159)","line":1784,"loc":{"start":{"line":1784,"column":45},"end":{"line":1784,"column":73}}},"160":{"name":"(anonymous_160)","line":1792,"loc":{"start":{"line":1792,"column":15},"end":{"line":1792,"column":34}}},"161":{"name":"(anonymous_161)","line":1796,"loc":{"start":{"line":1796,"column":32},"end":{"line":1796,"column":44}}},"162":{"name":"(anonymous_162)","line":1809,"loc":{"start":{"line":1809,"column":26},"end":{"line":1809,"column":41}}},"163":{"name":"(anonymous_163)","line":1810,"loc":{"start":{"line":1810,"column":50},"end":{"line":1810,"column":68}}},"164":{"name":"(anonymous_164)","line":1818,"loc":{"start":{"line":1818,"column":43},"end":{"line":1818,"column":71}}},"165":{"name":"(anonymous_165)","line":1823,"loc":{"start":{"line":1823,"column":32},"end":{"line":1823,"column":44}}},"166":{"name":"(anonymous_166)","line":1830,"loc":{"start":{"line":1830,"column":26},"end":{"line":1830,"column":41}}},"167":{"name":"(anonymous_167)","line":1831,"loc":{"start":{"line":1831,"column":50},"end":{"line":1831,"column":68}}},"168":{"name":"(anonymous_168)","line":1839,"loc":{"start":{"line":1839,"column":59},"end":{"line":1839,"column":87}}},"169":{"name":"(anonymous_169)","line":1864,"loc":{"start":{"line":1864,"column":45},"end":{"line":1864,"column":73}}},"170":{"name":"(anonymous_170)","line":1880,"loc":{"start":{"line":1880,"column":15},"end":{"line":1880,"column":42}}},"171":{"name":"(anonymous_171)","line":1900,"loc":{"start":{"line":1900,"column":15},"end":{"line":1900,"column":32}}},"172":{"name":"(anonymous_172)","line":1907,"loc":{"start":{"line":1907,"column":23},"end":{"line":1907,"column":35}}},"173":{"name":"(anonymous_173)","line":1911,"loc":{"start":{"line":1911,"column":19},"end":{"line":1911,"column":36}}},"174":{"name":"(anonymous_174)","line":1920,"loc":{"start":{"line":1920,"column":50},"end":{"line":1920,"column":78}}},"175":{"name":"(anonymous_175)","line":1934,"loc":{"start":{"line":1934,"column":56},"end":{"line":1934,"column":84}}},"176":{"name":"(anonymous_176)","line":1953,"loc":{"start":{"line":1953,"column":32},"end":{"line":1953,"column":55}}},"177":{"name":"(anonymous_177)","line":1963,"loc":{"start":{"line":1963,"column":32},"end":{"line":1963,"column":49}}},"178":{"name":"(anonymous_178)","line":1971,"loc":{"start":{"line":1971,"column":47},"end":{"line":1971,"column":75}}},"179":{"name":"(anonymous_179)","line":1997,"loc":{"start":{"line":1997,"column":57},"end":{"line":1997,"column":85}}},"180":{"name":"(anonymous_180)","line":2006,"loc":{"start":{"line":2006,"column":40},"end":{"line":2006,"column":63}}},"181":{"name":"(anonymous_181)","line":2012,"loc":{"start":{"line":2012,"column":27},"end":{"line":2012,"column":39}}},"182":{"name":"(anonymous_182)","line":2020,"loc":{"start":{"line":2020,"column":57},"end":{"line":2020,"column":85}}},"183":{"name":"(anonymous_183)","line":2032,"loc":{"start":{"line":2032,"column":28},"end":{"line":2032,"column":56}}},"184":{"name":"(anonymous_184)","line":2043,"loc":{"start":{"line":2043,"column":15},"end":{"line":2043,"column":34}}},"185":{"name":"(anonymous_185)","line":2049,"loc":{"start":{"line":2049,"column":28},"end":{"line":2049,"column":56}}},"186":{"name":"(anonymous_186)","line":2059,"loc":{"start":{"line":2059,"column":43},"end":{"line":2059,"column":71}}},"187":{"name":"(anonymous_187)","line":2070,"loc":{"start":{"line":2070,"column":47},"end":{"line":2070,"column":59}}},"188":{"name":"(anonymous_188)","line":2071,"loc":{"start":{"line":2071,"column":33},"end":{"line":2071,"column":60}}},"189":{"name":"(anonymous_189)","line":2080,"loc":{"start":{"line":2080,"column":36},"end":{"line":2080,"column":55}}},"190":{"name":"(anonymous_190)","line":2096,"loc":{"start":{"line":2096,"column":26},"end":{"line":2096,"column":44}}},"191":{"name":"(anonymous_191)","line":2106,"loc":{"start":{"line":2106,"column":39},"end":{"line":2106,"column":67}}},"192":{"name":"(anonymous_192)","line":2114,"loc":{"start":{"line":2114,"column":38},"end":{"line":2114,"column":54}}},"193":{"name":"(anonymous_193)","line":2121,"loc":{"start":{"line":2121,"column":37},"end":{"line":2121,"column":49}}},"194":{"name":"(anonymous_194)","line":2134,"loc":{"start":{"line":2134,"column":58},"end":{"line":2134,"column":86}}},"195":{"name":"(anonymous_195)","line":2144,"loc":{"start":{"line":2144,"column":33},"end":{"line":2144,"column":45}}},"196":{"name":"(anonymous_196)","line":2154,"loc":{"start":{"line":2154,"column":36},"end":{"line":2154,"column":55}}},"197":{"name":"(anonymous_197)","line":2162,"loc":{"start":{"line":2162,"column":61},"end":{"line":2162,"column":89}}},"198":{"name":"(anonymous_198)","line":2169,"loc":{"start":{"line":2169,"column":36},"end":{"line":2169,"column":55}}},"199":{"name":"(anonymous_199)","line":2184,"loc":{"start":{"line":2184,"column":50},"end":{"line":2184,"column":78}}},"200":{"name":"(anonymous_200)","line":2193,"loc":{"start":{"line":2193,"column":36},"end":{"line":2193,"column":55}}},"201":{"name":"(anonymous_201)","line":2200,"loc":{"start":{"line":2200,"column":39},"end":{"line":2200,"column":67}}},"202":{"name":"(anonymous_202)","line":2221,"loc":{"start":{"line":2221,"column":39},"end":{"line":2221,"column":56}}},"203":{"name":"(anonymous_203)","line":2233,"loc":{"start":{"line":2233,"column":5},"end":{"line":2233,"column":17}}},"204":{"name":"(anonymous_204)","line":2237,"loc":{"start":{"line":2237,"column":46},"end":{"line":2237,"column":91}}},"205":{"name":"(anonymous_205)","line":2253,"loc":{"start":{"line":2253,"column":60},"end":{"line":2253,"column":72}}},"206":{"name":"(anonymous_206)","line":2255,"loc":{"start":{"line":2255,"column":64},"end":{"line":2255,"column":76}}},"207":{"name":"(anonymous_207)","line":2272,"loc":{"start":{"line":2272,"column":19},"end":{"line":2272,"column":38}}},"208":{"name":"(anonymous_208)","line":2286,"loc":{"start":{"line":2286,"column":27},"end":{"line":2286,"column":39}}},"209":{"name":"(anonymous_209)","line":2337,"loc":{"start":{"line":2337,"column":15},"end":{"line":2337,"column":38}},"skip":true},"210":{"name":"(anonymous_210)","line":2343,"loc":{"start":{"line":2343,"column":24},"end":{"line":2343,"column":36}},"skip":true},"211":{"name":"(anonymous_211)","line":2358,"loc":{"start":{"line":2358,"column":23},"end":{"line":2358,"column":46}},"skip":true}},"statementMap":{"1":{"start":{"line":12,"column":0},"end":{"line":2371,"column":5}},"2":{"start":{"line":14,"column":4},"end":{"line":14,"column":14}},"3":{"start":{"line":19,"column":4},"end":{"line":51,"column":9}},"4":{"start":{"line":21,"column":8},"end":{"line":21,"column":19}},"5":{"start":{"line":23,"column":8},"end":{"line":35,"column":13}},"6":{"start":{"line":24,"column":12},"end":{"line":34,"column":13}},"7":{"start":{"line":25,"column":16},"end":{"line":28,"column":30}},"8":{"start":{"line":30,"column":16},"end":{"line":33,"column":27}},"9":{"start":{"line":37,"column":8},"end":{"line":39,"column":21}},"10":{"start":{"line":40,"column":8},"end":{"line":50,"column":9}},"11":{"start":{"line":43,"column":12},"end":{"line":43,"column":71}},"12":{"start":{"line":44,"column":12},"end":{"line":44,"column":18}},"13":{"start":{"line":47,"column":12},"end":{"line":48,"column":46}},"14":{"start":{"line":49,"column":12},"end":{"line":49,"column":18}},"15":{"start":{"line":56,"column":4},"end":{"line":1570,"column":9}},"16":{"start":{"line":57,"column":8},"end":{"line":63,"column":10}},"17":{"start":{"line":61,"column":12},"end":{"line":61,"column":47}},"18":{"start":{"line":62,"column":12},"end":{"line":62,"column":77}},"19":{"start":{"line":65,"column":8},"end":{"line":78,"column":10}},"20":{"start":{"line":70,"column":12},"end":{"line":70,"column":40}},"21":{"start":{"line":72,"column":12},"end":{"line":72,"column":22}},"22":{"start":{"line":74,"column":12},"end":{"line":74,"column":44}},"23":{"start":{"line":75,"column":12},"end":{"line":75,"column":41}},"24":{"start":{"line":77,"column":12},"end":{"line":77,"column":37}},"25":{"start":{"line":80,"column":8},"end":{"line":116,"column":10}},"26":{"start":{"line":84,"column":12},"end":{"line":84,"column":25}},"27":{"start":{"line":85,"column":12},"end":{"line":85,"column":71}},"28":{"start":{"line":86,"column":12},"end":{"line":88,"column":15}},"29":{"start":{"line":89,"column":12},"end":{"line":89,"column":48}},"30":{"start":{"line":90,"column":12},"end":{"line":90,"column":57}},"31":{"start":{"line":92,"column":12},"end":{"line":92,"column":56}},"32":{"start":{"line":94,"column":12},"end":{"line":94,"column":73}},"33":{"start":{"line":95,"column":12},"end":{"line":95,"column":36}},"34":{"start":{"line":96,"column":12},"end":{"line":96,"column":39}},"35":{"start":{"line":97,"column":12},"end":{"line":115,"column":15}},"36":{"start":{"line":99,"column":16},"end":{"line":99,"column":44}},"37":{"start":{"line":101,"column":16},"end":{"line":104,"column":42}},"38":{"start":{"line":105,"column":16},"end":{"line":108,"column":42}},"39":{"start":{"line":109,"column":16},"end":{"line":113,"column":42}},"40":{"start":{"line":114,"column":16},"end":{"line":114,"column":26}},"41":{"start":{"line":118,"column":8},"end":{"line":137,"column":10}},"42":{"start":{"line":122,"column":12},"end":{"line":136,"column":24}},"43":{"start":{"line":124,"column":20},"end":{"line":124,"column":48}},"44":{"start":{"line":127,"column":16},"end":{"line":127,"column":29}},"45":{"start":{"line":128,"column":16},"end":{"line":128,"column":52}},"46":{"start":{"line":129,"column":16},"end":{"line":129,"column":40}},"47":{"start":{"line":130,"column":16},"end":{"line":130,"column":43}},"48":{"start":{"line":131,"column":16},"end":{"line":135,"column":19}},"49":{"start":{"line":133,"column":20},"end":{"line":133,"column":47}},"50":{"start":{"line":134,"column":20},"end":{"line":134,"column":30}},"51":{"start":{"line":139,"column":8},"end":{"line":154,"column":10}},"52":{"start":{"line":143,"column":12},"end":{"line":143,"column":25}},"53":{"start":{"line":144,"column":12},"end":{"line":144,"column":48}},"54":{"start":{"line":145,"column":12},"end":{"line":145,"column":36}},"55":{"start":{"line":146,"column":12},"end":{"line":146,"column":39}},"56":{"start":{"line":147,"column":12},"end":{"line":153,"column":15}},"57":{"start":{"line":149,"column":16},"end":{"line":149,"column":44}},"58":{"start":{"line":151,"column":16},"end":{"line":151,"column":85}},"59":{"start":{"line":152,"column":16},"end":{"line":152,"column":26}},"60":{"start":{"line":156,"column":8},"end":{"line":178,"column":10}},"61":{"start":{"line":160,"column":12},"end":{"line":160,"column":25}},"62":{"start":{"line":161,"column":12},"end":{"line":162,"column":60}},"63":{"start":{"line":163,"column":12},"end":{"line":166,"column":13}},"64":{"start":{"line":164,"column":16},"end":{"line":164,"column":26}},"65":{"start":{"line":165,"column":16},"end":{"line":165,"column":23}},"66":{"start":{"line":167,"column":12},"end":{"line":177,"column":24}},"67":{"start":{"line":170,"column":20},"end":{"line":170,"column":26}},"68":{"start":{"line":173,"column":16},"end":{"line":173,"column":74}},"69":{"start":{"line":174,"column":16},"end":{"line":174,"column":46}},"70":{"start":{"line":175,"column":16},"end":{"line":175,"column":43}},"71":{"start":{"line":176,"column":16},"end":{"line":176,"column":26}},"72":{"start":{"line":180,"column":8},"end":{"line":193,"column":10}},"73":{"start":{"line":184,"column":12},"end":{"line":188,"column":15}},"74":{"start":{"line":186,"column":16},"end":{"line":186,"column":43}},"75":{"start":{"line":187,"column":16},"end":{"line":187,"column":26}},"76":{"start":{"line":190,"column":12},"end":{"line":190,"column":47}},"77":{"start":{"line":191,"column":12},"end":{"line":191,"column":28}},"78":{"start":{"line":192,"column":12},"end":{"line":192,"column":28}},"79":{"start":{"line":195,"column":8},"end":{"line":213,"column":10}},"80":{"start":{"line":199,"column":12},"end":{"line":199,"column":46}},"81":{"start":{"line":200,"column":12},"end":{"line":212,"column":15}},"82":{"start":{"line":202,"column":16},"end":{"line":202,"column":44}},"83":{"start":{"line":204,"column":16},"end":{"line":204,"column":59}},"84":{"start":{"line":206,"column":16},"end":{"line":210,"column":18}},"85":{"start":{"line":211,"column":16},"end":{"line":211,"column":26}},"86":{"start":{"line":215,"column":8},"end":{"line":246,"column":10}},"87":{"start":{"line":219,"column":12},"end":{"line":232,"column":17}},"88":{"start":{"line":233,"column":12},"end":{"line":245,"column":24}},"89":{"start":{"line":234,"column":16},"end":{"line":234,"column":42}},"90":{"start":{"line":235,"column":16},"end":{"line":235,"column":40}},"91":{"start":{"line":236,"column":16},"end":{"line":244,"column":19}},"92":{"start":{"line":238,"column":20},"end":{"line":238,"column":47}},"93":{"start":{"line":240,"column":20},"end":{"line":240,"column":48}},"94":{"start":{"line":242,"column":20},"end":{"line":242,"column":55}},"95":{"start":{"line":243,"column":20},"end":{"line":243,"column":33}},"96":{"start":{"line":248,"column":8},"end":{"line":333,"column":10}},"97":{"start":{"line":252,"column":12},"end":{"line":252,"column":25}},"98":{"start":{"line":254,"column":12},"end":{"line":332,"column":15}},"99":{"start":{"line":260,"column":16},"end":{"line":260,"column":52}},"100":{"start":{"line":261,"column":16},"end":{"line":261,"column":40}},"101":{"start":{"line":262,"column":16},"end":{"line":295,"column":19}},"102":{"start":{"line":276,"column":20},"end":{"line":276,"column":48}},"103":{"start":{"line":278,"column":20},"end":{"line":278,"column":63}},"104":{"start":{"line":280,"column":20},"end":{"line":293,"column":21}},"105":{"start":{"line":284,"column":24},"end":{"line":284,"column":64}},"106":{"start":{"line":286,"column":24},"end":{"line":286,"column":52}},"107":{"start":{"line":287,"column":24},"end":{"line":287,"column":60}},"108":{"start":{"line":288,"column":24},"end":{"line":288,"column":30}},"109":{"start":{"line":291,"column":24},"end":{"line":291,"column":56}},"110":{"start":{"line":292,"column":24},"end":{"line":292,"column":66}},"111":{"start":{"line":294,"column":20},"end":{"line":294,"column":33}},"112":{"start":{"line":298,"column":16},"end":{"line":298,"column":44}},"113":{"start":{"line":300,"column":16},"end":{"line":331,"column":19}},"114":{"start":{"line":310,"column":20},"end":{"line":310,"column":48}},"115":{"start":{"line":312,"column":20},"end":{"line":312,"column":63}},"116":{"start":{"line":314,"column":20},"end":{"line":314,"column":52}},"117":{"start":{"line":315,"column":20},"end":{"line":315,"column":79}},"118":{"start":{"line":316,"column":20},"end":{"line":319,"column":22}},"119":{"start":{"line":321,"column":20},"end":{"line":321,"column":63}},"120":{"start":{"line":322,"column":20},"end":{"line":325,"column":22}},"121":{"start":{"line":326,"column":20},"end":{"line":326,"column":83}},"122":{"start":{"line":327,"column":20},"end":{"line":327,"column":62}},"123":{"start":{"line":328,"column":20},"end":{"line":328,"column":70}},"124":{"start":{"line":329,"column":20},"end":{"line":329,"column":62}},"125":{"start":{"line":330,"column":20},"end":{"line":330,"column":30}},"126":{"start":{"line":335,"column":8},"end":{"line":347,"column":10}},"127":{"start":{"line":339,"column":12},"end":{"line":339,"column":59}},"128":{"start":{"line":340,"column":12},"end":{"line":346,"column":21}},"129":{"start":{"line":341,"column":16},"end":{"line":345,"column":19}},"130":{"start":{"line":343,"column":20},"end":{"line":343,"column":47}},"131":{"start":{"line":344,"column":20},"end":{"line":344,"column":30}},"132":{"start":{"line":349,"column":8},"end":{"line":403,"column":10}},"133":{"start":{"line":353,"column":12},"end":{"line":353,"column":25}},"134":{"start":{"line":355,"column":12},"end":{"line":355,"column":37}},"135":{"start":{"line":357,"column":12},"end":{"line":364,"column":15}},"136":{"start":{"line":358,"column":16},"end":{"line":358,"column":35}},"137":{"start":{"line":361,"column":16},"end":{"line":361,"column":43}},"138":{"start":{"line":363,"column":16},"end":{"line":363,"column":57}},"139":{"start":{"line":366,"column":12},"end":{"line":373,"column":15}},"140":{"start":{"line":367,"column":16},"end":{"line":367,"column":41}},"141":{"start":{"line":370,"column":16},"end":{"line":370,"column":43}},"142":{"start":{"line":372,"column":16},"end":{"line":372,"column":59}},"143":{"start":{"line":375,"column":12},"end":{"line":380,"column":15}},"144":{"start":{"line":376,"column":16},"end":{"line":376,"column":55}},"145":{"start":{"line":379,"column":16},"end":{"line":379,"column":43}},"146":{"start":{"line":382,"column":12},"end":{"line":389,"column":15}},"147":{"start":{"line":383,"column":16},"end":{"line":383,"column":46}},"148":{"start":{"line":386,"column":16},"end":{"line":386,"column":43}},"149":{"start":{"line":388,"column":16},"end":{"line":388,"column":65}},"150":{"start":{"line":390,"column":12},"end":{"line":390,"column":59}},"151":{"start":{"line":391,"column":12},"end":{"line":401,"column":15}},"152":{"start":{"line":392,"column":16},"end":{"line":400,"column":19}},"153":{"start":{"line":393,"column":20},"end":{"line":399,"column":21}},"154":{"start":{"line":395,"column":24},"end":{"line":395,"column":54}},"155":{"start":{"line":398,"column":24},"end":{"line":398,"column":57}},"156":{"start":{"line":402,"column":12},"end":{"line":402,"column":22}},"157":{"start":{"line":405,"column":8},"end":{"line":424,"column":10}},"158":{"start":{"line":409,"column":12},"end":{"line":409,"column":25}},"159":{"start":{"line":410,"column":12},"end":{"line":410,"column":89}},"160":{"start":{"line":411,"column":12},"end":{"line":414,"column":14}},"161":{"start":{"line":415,"column":12},"end":{"line":418,"column":14}},"162":{"start":{"line":419,"column":12},"end":{"line":422,"column":14}},"163":{"start":{"line":423,"column":12},"end":{"line":423,"column":22}},"164":{"start":{"line":426,"column":8},"end":{"line":469,"column":10}},"165":{"start":{"line":430,"column":12},"end":{"line":435,"column":16}},"166":{"start":{"line":436,"column":12},"end":{"line":468,"column":24}},"167":{"start":{"line":437,"column":16},"end":{"line":437,"column":40}},"168":{"start":{"line":438,"column":16},"end":{"line":466,"column":19}},"169":{"start":{"line":439,"column":20},"end":{"line":439,"column":44}},"170":{"start":{"line":440,"column":20},"end":{"line":465,"column":23}},"171":{"start":{"line":442,"column":24},"end":{"line":442,"column":52}},"172":{"start":{"line":444,"column":24},"end":{"line":463,"column":25}},"173":{"start":{"line":446,"column":28},"end":{"line":449,"column":29}},"174":{"start":{"line":447,"column":32},"end":{"line":447,"column":89}},"175":{"start":{"line":448,"column":32},"end":{"line":448,"column":38}},"176":{"start":{"line":450,"column":28},"end":{"line":453,"column":30}},"177":{"start":{"line":454,"column":28},"end":{"line":454,"column":34}},"178":{"start":{"line":456,"column":28},"end":{"line":456,"column":72}},"179":{"start":{"line":457,"column":28},"end":{"line":457,"column":34}},"180":{"start":{"line":459,"column":28},"end":{"line":462,"column":30}},"181":{"start":{"line":464,"column":24},"end":{"line":464,"column":37}},"182":{"start":{"line":467,"column":16},"end":{"line":467,"column":29}},"183":{"start":{"line":471,"column":8},"end":{"line":488,"column":10}},"184":{"start":{"line":475,"column":12},"end":{"line":475,"column":25}},"185":{"start":{"line":476,"column":12},"end":{"line":476,"column":31}},"186":{"start":{"line":477,"column":12},"end":{"line":479,"column":13}},"187":{"start":{"line":478,"column":16},"end":{"line":478,"column":66}},"188":{"start":{"line":480,"column":12},"end":{"line":482,"column":13}},"189":{"start":{"line":481,"column":16},"end":{"line":481,"column":66}},"190":{"start":{"line":484,"column":12},"end":{"line":484,"column":61}},"191":{"start":{"line":485,"column":12},"end":{"line":485,"column":63}},"192":{"start":{"line":486,"column":12},"end":{"line":486,"column":86}},"193":{"start":{"line":487,"column":12},"end":{"line":487,"column":22}},"194":{"start":{"line":490,"column":8},"end":{"line":501,"column":10}},"195":{"start":{"line":494,"column":12},"end":{"line":496,"column":14}},"196":{"start":{"line":498,"column":12},"end":{"line":500,"column":24}},"197":{"start":{"line":499,"column":16},"end":{"line":499,"column":67}},"198":{"start":{"line":503,"column":8},"end":{"line":529,"column":10}},"199":{"start":{"line":507,"column":12},"end":{"line":527,"column":15}},"200":{"start":{"line":520,"column":16},"end":{"line":520,"column":28}},"201":{"start":{"line":521,"column":16},"end":{"line":525,"column":18}},"202":{"start":{"line":526,"column":16},"end":{"line":526,"column":70}},"203":{"start":{"line":528,"column":12},"end":{"line":528,"column":22}},"204":{"start":{"line":531,"column":8},"end":{"line":566,"column":10}},"205":{"start":{"line":535,"column":12},"end":{"line":562,"column":14}},"206":{"start":{"line":538,"column":24},"end":{"line":547,"column":36}},"207":{"start":{"line":551,"column":28},"end":{"line":551,"column":51}},"208":{"start":{"line":554,"column":28},"end":{"line":554,"column":61}},"209":{"start":{"line":555,"column":28},"end":{"line":555,"column":44}},"210":{"start":{"line":559,"column":24},"end":{"line":559,"column":39}},"211":{"start":{"line":563,"column":12},"end":{"line":565,"column":24}},"212":{"start":{"line":564,"column":16},"end":{"line":564,"column":75}},"213":{"start":{"line":568,"column":8},"end":{"line":588,"column":10}},"214":{"start":{"line":572,"column":12},"end":{"line":572,"column":25}},"215":{"start":{"line":573,"column":12},"end":{"line":587,"column":24}},"216":{"start":{"line":576,"column":20},"end":{"line":576,"column":55}},"217":{"start":{"line":579,"column":16},"end":{"line":579,"column":34}},"218":{"start":{"line":580,"column":16},"end":{"line":580,"column":70}},"219":{"start":{"line":582,"column":16},"end":{"line":585,"column":18}},"220":{"start":{"line":586,"column":16},"end":{"line":586,"column":26}},"221":{"start":{"line":590,"column":8},"end":{"line":598,"column":10}},"222":{"start":{"line":594,"column":12},"end":{"line":594,"column":25}},"223":{"start":{"line":595,"column":12},"end":{"line":595,"column":44}},"224":{"start":{"line":596,"column":12},"end":{"line":596,"column":54}},"225":{"start":{"line":597,"column":12},"end":{"line":597,"column":22}},"226":{"start":{"line":600,"column":8},"end":{"line":614,"column":10}},"227":{"start":{"line":604,"column":12},"end":{"line":607,"column":14}},"228":{"start":{"line":609,"column":12},"end":{"line":613,"column":24}},"229":{"start":{"line":611,"column":16},"end":{"line":611,"column":48}},"230":{"start":{"line":612,"column":16},"end":{"line":612,"column":26}},"231":{"start":{"line":616,"column":8},"end":{"line":631,"column":10}},"232":{"start":{"line":620,"column":12},"end":{"line":620,"column":25}},"233":{"start":{"line":621,"column":12},"end":{"line":621,"column":57}},"234":{"start":{"line":623,"column":12},"end":{"line":623,"column":54}},"235":{"start":{"line":624,"column":12},"end":{"line":624,"column":62}},"236":{"start":{"line":626,"column":12},"end":{"line":626,"column":54}},"237":{"start":{"line":627,"column":12},"end":{"line":627,"column":58}},"238":{"start":{"line":629,"column":12},"end":{"line":629,"column":55}},"239":{"start":{"line":630,"column":12},"end":{"line":630,"column":22}},"240":{"start":{"line":633,"column":8},"end":{"line":669,"column":10}},"241":{"start":{"line":637,"column":12},"end":{"line":641,"column":14}},"242":{"start":{"line":642,"column":12},"end":{"line":668,"column":24}},"243":{"start":{"line":644,"column":16},"end":{"line":644,"column":75}},"244":{"start":{"line":646,"column":16},"end":{"line":646,"column":78}},"245":{"start":{"line":648,"column":16},"end":{"line":652,"column":18}},"246":{"start":{"line":654,"column":16},"end":{"line":654,"column":78}},"247":{"start":{"line":656,"column":16},"end":{"line":656,"column":73}},"248":{"start":{"line":658,"column":16},"end":{"line":658,"column":78}},"249":{"start":{"line":660,"column":16},"end":{"line":664,"column":18}},"250":{"start":{"line":666,"column":16},"end":{"line":666,"column":78}},"251":{"start":{"line":667,"column":16},"end":{"line":667,"column":26}},"252":{"start":{"line":671,"column":8},"end":{"line":682,"column":10}},"253":{"start":{"line":675,"column":12},"end":{"line":675,"column":25}},"254":{"start":{"line":677,"column":12},"end":{"line":680,"column":15}},"255":{"start":{"line":678,"column":16},"end":{"line":678,"column":55}},"256":{"start":{"line":679,"column":16},"end":{"line":679,"column":61}},"257":{"start":{"line":681,"column":12},"end":{"line":681,"column":22}},"258":{"start":{"line":684,"column":8},"end":{"line":713,"column":10}},"259":{"start":{"line":688,"column":12},"end":{"line":688,"column":25}},"260":{"start":{"line":690,"column":12},"end":{"line":694,"column":15}},"261":{"start":{"line":691,"column":16},"end":{"line":691,"column":62}},"262":{"start":{"line":692,"column":16},"end":{"line":692,"column":50}},"263":{"start":{"line":693,"column":16},"end":{"line":693,"column":62}},"264":{"start":{"line":696,"column":12},"end":{"line":705,"column":14}},"265":{"start":{"line":707,"column":12},"end":{"line":707,"column":33}},"266":{"start":{"line":708,"column":12},"end":{"line":711,"column":14}},"267":{"start":{"line":712,"column":12},"end":{"line":712,"column":22}},"268":{"start":{"line":715,"column":8},"end":{"line":735,"column":10}},"269":{"start":{"line":719,"column":12},"end":{"line":719,"column":25}},"270":{"start":{"line":720,"column":12},"end":{"line":720,"column":53}},"271":{"start":{"line":722,"column":12},"end":{"line":722,"column":80}},"272":{"start":{"line":723,"column":12},"end":{"line":723,"column":60}},"273":{"start":{"line":724,"column":12},"end":{"line":724,"column":80}},"274":{"start":{"line":726,"column":12},"end":{"line":726,"column":79}},"275":{"start":{"line":728,"column":12},"end":{"line":731,"column":14}},"276":{"start":{"line":733,"column":12},"end":{"line":733,"column":84}},"277":{"start":{"line":734,"column":12},"end":{"line":734,"column":22}},"278":{"start":{"line":737,"column":8},"end":{"line":763,"column":10}},"279":{"start":{"line":741,"column":12},"end":{"line":741,"column":25}},"280":{"start":{"line":742,"column":12},"end":{"line":742,"column":88}},"281":{"start":{"line":744,"column":12},"end":{"line":744,"column":80}},"282":{"start":{"line":745,"column":12},"end":{"line":745,"column":76}},"283":{"start":{"line":747,"column":12},"end":{"line":752,"column":14}},"284":{"start":{"line":753,"column":12},"end":{"line":753,"column":76}},"285":{"start":{"line":755,"column":12},"end":{"line":758,"column":14}},"286":{"start":{"line":760,"column":12},"end":{"line":760,"column":76}},"287":{"start":{"line":761,"column":12},"end":{"line":761,"column":52}},"288":{"start":{"line":762,"column":12},"end":{"line":762,"column":22}},"289":{"start":{"line":765,"column":8},"end":{"line":783,"column":10}},"290":{"start":{"line":769,"column":12},"end":{"line":769,"column":25}},"291":{"start":{"line":771,"column":12},"end":{"line":771,"column":52}},"292":{"start":{"line":772,"column":12},"end":{"line":772,"column":37}},"293":{"start":{"line":774,"column":12},"end":{"line":776,"column":13}},"294":{"start":{"line":775,"column":16},"end":{"line":775,"column":85}},"295":{"start":{"line":778,"column":12},"end":{"line":781,"column":14}},"296":{"start":{"line":782,"column":12},"end":{"line":782,"column":22}},"297":{"start":{"line":785,"column":8},"end":{"line":803,"column":10}},"298":{"start":{"line":789,"column":12},"end":{"line":789,"column":25}},"299":{"start":{"line":791,"column":12},"end":{"line":791,"column":35}},"300":{"start":{"line":793,"column":12},"end":{"line":799,"column":13}},"301":{"start":{"line":794,"column":16},"end":{"line":795,"column":80}},"302":{"start":{"line":797,"column":16},"end":{"line":797,"column":88}},"303":{"start":{"line":798,"column":16},"end":{"line":798,"column":91}},"304":{"start":{"line":801,"column":12},"end":{"line":801,"column":51}},"305":{"start":{"line":802,"column":12},"end":{"line":802,"column":22}},"306":{"start":{"line":805,"column":8},"end":{"line":832,"column":10}},"307":{"start":{"line":809,"column":12},"end":{"line":809,"column":25}},"308":{"start":{"line":811,"column":12},"end":{"line":811,"column":58}},"309":{"start":{"line":812,"column":12},"end":{"line":812,"column":59}},"310":{"start":{"line":813,"column":12},"end":{"line":813,"column":53}},"311":{"start":{"line":814,"column":12},"end":{"line":814,"column":52}},"312":{"start":{"line":815,"column":12},"end":{"line":815,"column":51}},"313":{"start":{"line":816,"column":12},"end":{"line":816,"column":52}},"314":{"start":{"line":818,"column":12},"end":{"line":818,"column":52}},"315":{"start":{"line":819,"column":12},"end":{"line":819,"column":53}},"316":{"start":{"line":820,"column":12},"end":{"line":820,"column":53}},"317":{"start":{"line":821,"column":12},"end":{"line":821,"column":52}},"318":{"start":{"line":822,"column":12},"end":{"line":822,"column":51}},"319":{"start":{"line":823,"column":12},"end":{"line":823,"column":52}},"320":{"start":{"line":825,"column":12},"end":{"line":825,"column":53}},"321":{"start":{"line":826,"column":12},"end":{"line":826,"column":54}},"322":{"start":{"line":827,"column":12},"end":{"line":827,"column":53}},"323":{"start":{"line":828,"column":12},"end":{"line":828,"column":52}},"324":{"start":{"line":829,"column":12},"end":{"line":829,"column":51}},"325":{"start":{"line":830,"column":12},"end":{"line":830,"column":52}},"326":{"start":{"line":831,"column":12},"end":{"line":831,"column":22}},"327":{"start":{"line":834,"column":8},"end":{"line":844,"column":10}},"328":{"start":{"line":838,"column":12},"end":{"line":838,"column":39}},"329":{"start":{"line":839,"column":12},"end":{"line":842,"column":14}},"330":{"start":{"line":843,"column":12},"end":{"line":843,"column":22}},"331":{"start":{"line":846,"column":8},"end":{"line":864,"column":10}},"332":{"start":{"line":850,"column":12},"end":{"line":857,"column":14}},"333":{"start":{"line":858,"column":12},"end":{"line":858,"column":54}},"334":{"start":{"line":859,"column":12},"end":{"line":862,"column":14}},"335":{"start":{"line":863,"column":12},"end":{"line":863,"column":22}},"336":{"start":{"line":866,"column":8},"end":{"line":877,"column":10}},"337":{"start":{"line":870,"column":12},"end":{"line":873,"column":15}},"338":{"start":{"line":875,"column":12},"end":{"line":875,"column":71}},"339":{"start":{"line":876,"column":12},"end":{"line":876,"column":22}},"340":{"start":{"line":879,"column":8},"end":{"line":922,"column":10}},"341":{"start":{"line":884,"column":12},"end":{"line":884,"column":37}},"342":{"start":{"line":885,"column":12},"end":{"line":885,"column":39}},"343":{"start":{"line":887,"column":12},"end":{"line":896,"column":15}},"344":{"start":{"line":888,"column":16},"end":{"line":895,"column":19}},"345":{"start":{"line":889,"column":20},"end":{"line":894,"column":22}},"346":{"start":{"line":898,"column":12},"end":{"line":903,"column":14}},"347":{"start":{"line":905,"column":12},"end":{"line":908,"column":14}},"348":{"start":{"line":910,"column":12},"end":{"line":915,"column":14}},"349":{"start":{"line":917,"column":12},"end":{"line":920,"column":14}},"350":{"start":{"line":921,"column":12},"end":{"line":921,"column":22}},"351":{"start":{"line":924,"column":8},"end":{"line":977,"column":10}},"352":{"start":{"line":929,"column":12},"end":{"line":929,"column":38}},"353":{"start":{"line":930,"column":12},"end":{"line":930,"column":40}},"354":{"start":{"line":932,"column":12},"end":{"line":941,"column":15}},"355":{"start":{"line":933,"column":16},"end":{"line":940,"column":19}},"356":{"start":{"line":934,"column":20},"end":{"line":939,"column":22}},"357":{"start":{"line":943,"column":12},"end":{"line":948,"column":14}},"358":{"start":{"line":950,"column":12},"end":{"line":953,"column":14}},"359":{"start":{"line":955,"column":12},"end":{"line":960,"column":14}},"360":{"start":{"line":962,"column":12},"end":{"line":965,"column":14}},"361":{"start":{"line":967,"column":12},"end":{"line":973,"column":14}},"362":{"start":{"line":975,"column":12},"end":{"line":975,"column":59}},"363":{"start":{"line":976,"column":12},"end":{"line":976,"column":22}},"364":{"start":{"line":979,"column":8},"end":{"line":997,"column":10}},"365":{"start":{"line":983,"column":12},"end":{"line":983,"column":72}},"366":{"start":{"line":985,"column":12},"end":{"line":985,"column":35}},"367":{"start":{"line":986,"column":12},"end":{"line":990,"column":15}},"368":{"start":{"line":987,"column":16},"end":{"line":989,"column":17}},"369":{"start":{"line":988,"column":20},"end":{"line":988,"column":38}},"370":{"start":{"line":992,"column":12},"end":{"line":995,"column":14}},"371":{"start":{"line":996,"column":12},"end":{"line":996,"column":22}},"372":{"start":{"line":999,"column":8},"end":{"line":1020,"column":10}},"373":{"start":{"line":1003,"column":12},"end":{"line":1019,"column":24}},"374":{"start":{"line":1006,"column":20},"end":{"line":1006,"column":34}},"375":{"start":{"line":1011,"column":16},"end":{"line":1011,"column":39}},"376":{"start":{"line":1013,"column":16},"end":{"line":1013,"column":48}},"377":{"start":{"line":1015,"column":16},"end":{"line":1015,"column":57}},"378":{"start":{"line":1017,"column":16},"end":{"line":1017,"column":47}},"379":{"start":{"line":1018,"column":16},"end":{"line":1018,"column":26}},"380":{"start":{"line":1022,"column":8},"end":{"line":1035,"column":10}},"381":{"start":{"line":1026,"column":12},"end":{"line":1034,"column":15}},"382":{"start":{"line":1027,"column":16},"end":{"line":1027,"column":29}},"383":{"start":{"line":1028,"column":16},"end":{"line":1028,"column":44}},"384":{"start":{"line":1029,"column":16},"end":{"line":1029,"column":50}},"385":{"start":{"line":1032,"column":16},"end":{"line":1032,"column":43}},"386":{"start":{"line":1033,"column":16},"end":{"line":1033,"column":26}},"387":{"start":{"line":1037,"column":8},"end":{"line":1054,"column":10}},"388":{"start":{"line":1042,"column":12},"end":{"line":1042,"column":25}},"389":{"start":{"line":1043,"column":12},"end":{"line":1045,"column":15}},"390":{"start":{"line":1044,"column":16},"end":{"line":1044,"column":41}},"391":{"start":{"line":1046,"column":12},"end":{"line":1046,"column":33}},"392":{"start":{"line":1047,"column":12},"end":{"line":1053,"column":15}},"393":{"start":{"line":1048,"column":16},"end":{"line":1048,"column":33}},"394":{"start":{"line":1051,"column":16},"end":{"line":1051,"column":43}},"395":{"start":{"line":1052,"column":16},"end":{"line":1052,"column":26}},"396":{"start":{"line":1056,"column":8},"end":{"line":1133,"column":10}},"397":{"start":{"line":1060,"column":12},"end":{"line":1060,"column":25}},"398":{"start":{"line":1061,"column":12},"end":{"line":1130,"column":15}},"399":{"start":{"line":1062,"column":16},"end":{"line":1129,"column":17}},"400":{"start":{"line":1065,"column":20},"end":{"line":1065,"column":91}},"401":{"start":{"line":1066,"column":20},"end":{"line":1066,"column":26}},"402":{"start":{"line":1068,"column":20},"end":{"line":1068,"column":42}},"403":{"start":{"line":1070,"column":20},"end":{"line":1070,"column":43}},"404":{"start":{"line":1071,"column":20},"end":{"line":1081,"column":23}},"405":{"start":{"line":1072,"column":24},"end":{"line":1072,"column":48}},"406":{"start":{"line":1074,"column":24},"end":{"line":1074,"column":61}},"407":{"start":{"line":1076,"column":24},"end":{"line":1076,"column":53}},"408":{"start":{"line":1079,"column":24},"end":{"line":1079,"column":51}},"409":{"start":{"line":1080,"column":24},"end":{"line":1080,"column":41}},"410":{"start":{"line":1082,"column":20},"end":{"line":1082,"column":26}},"411":{"start":{"line":1084,"column":20},"end":{"line":1084,"column":38}},"412":{"start":{"line":1086,"column":20},"end":{"line":1086,"column":42}},"413":{"start":{"line":1087,"column":20},"end":{"line":1087,"column":40}},"414":{"start":{"line":1089,"column":20},"end":{"line":1089,"column":43}},"415":{"start":{"line":1090,"column":20},"end":{"line":1101,"column":58}},"416":{"start":{"line":1094,"column":24},"end":{"line":1094,"column":48}},"417":{"start":{"line":1095,"column":24},"end":{"line":1095,"column":88}},"418":{"start":{"line":1097,"column":24},"end":{"line":1100,"column":27}},"419":{"start":{"line":1098,"column":28},"end":{"line":1098,"column":65}},"420":{"start":{"line":1099,"column":28},"end":{"line":1099,"column":85}},"421":{"start":{"line":1102,"column":20},"end":{"line":1102,"column":26}},"422":{"start":{"line":1105,"column":20},"end":{"line":1105,"column":73}},"423":{"start":{"line":1106,"column":20},"end":{"line":1106,"column":62}},"424":{"start":{"line":1107,"column":20},"end":{"line":1107,"column":38}},"425":{"start":{"line":1108,"column":20},"end":{"line":1108,"column":55}},"426":{"start":{"line":1109,"column":20},"end":{"line":1109,"column":40}},"427":{"start":{"line":1110,"column":20},"end":{"line":1119,"column":39}},"428":{"start":{"line":1115,"column":24},"end":{"line":1115,"column":48}},"429":{"start":{"line":1116,"column":24},"end":{"line":1116,"column":88}},"430":{"start":{"line":1117,"column":24},"end":{"line":1117,"column":61}},"431":{"start":{"line":1118,"column":24},"end":{"line":1118,"column":37}},"432":{"start":{"line":1120,"column":20},"end":{"line":1120,"column":26}},"433":{"start":{"line":1123,"column":20},"end":{"line":1123,"column":73}},"434":{"start":{"line":1124,"column":20},"end":{"line":1124,"column":62}},"435":{"start":{"line":1125,"column":20},"end":{"line":1125,"column":37}},"436":{"start":{"line":1126,"column":20},"end":{"line":1126,"column":26}},"437":{"start":{"line":1128,"column":20},"end":{"line":1128,"column":35}},"438":{"start":{"line":1131,"column":12},"end":{"line":1131,"column":33}},"439":{"start":{"line":1132,"column":12},"end":{"line":1132,"column":29}},"440":{"start":{"line":1135,"column":8},"end":{"line":1165,"column":10}},"441":{"start":{"line":1139,"column":12},"end":{"line":1139,"column":44}},"442":{"start":{"line":1141,"column":12},"end":{"line":1141,"column":31}},"443":{"start":{"line":1143,"column":12},"end":{"line":1146,"column":15}},"444":{"start":{"line":1145,"column":16},"end":{"line":1145,"column":66}},"445":{"start":{"line":1147,"column":12},"end":{"line":1147,"column":36}},"446":{"start":{"line":1149,"column":12},"end":{"line":1149,"column":36}},"447":{"start":{"line":1150,"column":12},"end":{"line":1162,"column":15}},"448":{"start":{"line":1151,"column":16},"end":{"line":1155,"column":19}},"449":{"start":{"line":1153,"column":20},"end":{"line":1153,"column":47}},"450":{"start":{"line":1154,"column":20},"end":{"line":1154,"column":33}},"451":{"start":{"line":1156,"column":16},"end":{"line":1156,"column":45}},"452":{"start":{"line":1158,"column":16},"end":{"line":1158,"column":45}},"453":{"start":{"line":1159,"column":16},"end":{"line":1159,"column":52}},"454":{"start":{"line":1161,"column":16},"end":{"line":1161,"column":34}},"455":{"start":{"line":1164,"column":12},"end":{"line":1164,"column":25}},"456":{"start":{"line":1167,"column":8},"end":{"line":1189,"column":10}},"457":{"start":{"line":1171,"column":12},"end":{"line":1171,"column":47}},"458":{"start":{"line":1172,"column":12},"end":{"line":1188,"column":15}},"459":{"start":{"line":1174,"column":16},"end":{"line":1174,"column":43}},"460":{"start":{"line":1176,"column":16},"end":{"line":1179,"column":18}},"461":{"start":{"line":1181,"column":16},"end":{"line":1181,"column":47}},"462":{"start":{"line":1183,"column":16},"end":{"line":1183,"column":67}},"463":{"start":{"line":1184,"column":16},"end":{"line":1184,"column":26}},"464":{"start":{"line":1187,"column":16},"end":{"line":1187,"column":57}},"465":{"start":{"line":1191,"column":8},"end":{"line":1217,"column":10}},"466":{"start":{"line":1195,"column":12},"end":{"line":1195,"column":25}},"467":{"start":{"line":1197,"column":12},"end":{"line":1199,"column":15}},"468":{"start":{"line":1198,"column":16},"end":{"line":1198,"column":23}},"469":{"start":{"line":1201,"column":12},"end":{"line":1204,"column":14}},"470":{"start":{"line":1206,"column":12},"end":{"line":1216,"column":15}},"471":{"start":{"line":1207,"column":16},"end":{"line":1207,"column":36}},"472":{"start":{"line":1210,"column":16},"end":{"line":1210,"column":44}},"473":{"start":{"line":1211,"column":16},"end":{"line":1211,"column":50}},"474":{"start":{"line":1213,"column":16},"end":{"line":1214,"column":85}},"475":{"start":{"line":1215,"column":16},"end":{"line":1215,"column":26}},"476":{"start":{"line":1219,"column":8},"end":{"line":1228,"column":10}},"477":{"start":{"line":1223,"column":12},"end":{"line":1223,"column":25}},"478":{"start":{"line":1225,"column":12},"end":{"line":1225,"column":72}},"479":{"start":{"line":1227,"column":12},"end":{"line":1227,"column":87}},"480":{"start":{"line":1230,"column":8},"end":{"line":1255,"column":10}},"481":{"start":{"line":1234,"column":12},"end":{"line":1234,"column":25}},"482":{"start":{"line":1236,"column":12},"end":{"line":1236,"column":56}},"483":{"start":{"line":1237,"column":12},"end":{"line":1237,"column":75}},"484":{"start":{"line":1240,"column":12},"end":{"line":1244,"column":14}},"485":{"start":{"line":1245,"column":12},"end":{"line":1245,"column":55}},"486":{"start":{"line":1248,"column":12},"end":{"line":1252,"column":14}},"487":{"start":{"line":1253,"column":12},"end":{"line":1253,"column":54}},"488":{"start":{"line":1254,"column":12},"end":{"line":1254,"column":22}},"489":{"start":{"line":1257,"column":8},"end":{"line":1265,"column":10}},"490":{"start":{"line":1261,"column":12},"end":{"line":1261,"column":25}},"491":{"start":{"line":1262,"column":12},"end":{"line":1262,"column":60}},"492":{"start":{"line":1263,"column":12},"end":{"line":1263,"column":96}},"493":{"start":{"line":1264,"column":12},"end":{"line":1264,"column":22}},"494":{"start":{"line":1267,"column":8},"end":{"line":1275,"column":10}},"495":{"start":{"line":1271,"column":12},"end":{"line":1271,"column":25}},"496":{"start":{"line":1272,"column":12},"end":{"line":1272,"column":66}},"497":{"start":{"line":1273,"column":12},"end":{"line":1273,"column":96}},"498":{"start":{"line":1274,"column":12},"end":{"line":1274,"column":22}},"499":{"start":{"line":1277,"column":8},"end":{"line":1289,"column":10}},"500":{"start":{"line":1281,"column":12},"end":{"line":1281,"column":25}},"501":{"start":{"line":1283,"column":12},"end":{"line":1283,"column":90}},"502":{"start":{"line":1284,"column":12},"end":{"line":1287,"column":14}},"503":{"start":{"line":1288,"column":12},"end":{"line":1288,"column":22}},"504":{"start":{"line":1291,"column":8},"end":{"line":1363,"column":10}},"505":{"start":{"line":1295,"column":12},"end":{"line":1295,"column":48}},"506":{"start":{"line":1296,"column":12},"end":{"line":1296,"column":25}},"507":{"start":{"line":1297,"column":12},"end":{"line":1360,"column":15}},"508":{"start":{"line":1298,"column":16},"end":{"line":1359,"column":17}},"509":{"start":{"line":1301,"column":20},"end":{"line":1303,"column":22}},"510":{"start":{"line":1302,"column":24},"end":{"line":1302,"column":50}},"511":{"start":{"line":1304,"column":20},"end":{"line":1304,"column":76}},"512":{"start":{"line":1305,"column":20},"end":{"line":1305,"column":43}},"513":{"start":{"line":1307,"column":20},"end":{"line":1307,"column":62}},"514":{"start":{"line":1308,"column":20},"end":{"line":1308,"column":38}},"515":{"start":{"line":1309,"column":20},"end":{"line":1314,"column":22}},"516":{"start":{"line":1315,"column":20},"end":{"line":1315,"column":80}},"517":{"start":{"line":1316,"column":20},"end":{"line":1316,"column":26}},"518":{"start":{"line":1319,"column":20},"end":{"line":1319,"column":54}},"519":{"start":{"line":1321,"column":20},"end":{"line":1321,"column":86}},"520":{"start":{"line":1322,"column":20},"end":{"line":1322,"column":26}},"521":{"start":{"line":1325,"column":20},"end":{"line":1325,"column":38}},"522":{"start":{"line":1326,"column":20},"end":{"line":1333,"column":22}},"523":{"start":{"line":1334,"column":20},"end":{"line":1334,"column":80}},"524":{"start":{"line":1335,"column":20},"end":{"line":1335,"column":26}},"525":{"start":{"line":1338,"column":20},"end":{"line":1338,"column":54}},"526":{"start":{"line":1340,"column":20},"end":{"line":1340,"column":74}},"527":{"start":{"line":1341,"column":20},"end":{"line":1341,"column":26}},"528":{"start":{"line":1344,"column":20},"end":{"line":1347,"column":22}},"529":{"start":{"line":1348,"column":20},"end":{"line":1348,"column":80}},"530":{"start":{"line":1349,"column":20},"end":{"line":1349,"column":26}},"531":{"start":{"line":1352,"column":20},"end":{"line":1352,"column":54}},"532":{"start":{"line":1354,"column":20},"end":{"line":1354,"column":74}},"533":{"start":{"line":1355,"column":20},"end":{"line":1355,"column":37}},"534":{"start":{"line":1356,"column":20},"end":{"line":1356,"column":26}},"535":{"start":{"line":1358,"column":20},"end":{"line":1358,"column":35}},"536":{"start":{"line":1361,"column":12},"end":{"line":1361,"column":33}},"537":{"start":{"line":1362,"column":12},"end":{"line":1362,"column":29}},"538":{"start":{"line":1365,"column":8},"end":{"line":1380,"column":10}},"539":{"start":{"line":1369,"column":12},"end":{"line":1369,"column":79}},"540":{"start":{"line":1370,"column":12},"end":{"line":1376,"column":15}},"541":{"start":{"line":1371,"column":16},"end":{"line":1371,"column":26}},"542":{"start":{"line":1373,"column":16},"end":{"line":1373,"column":26}},"543":{"start":{"line":1375,"column":16},"end":{"line":1375,"column":37}},"544":{"start":{"line":1378,"column":12},"end":{"line":1378,"column":54}},"545":{"start":{"line":1379,"column":12},"end":{"line":1379,"column":22}},"546":{"start":{"line":1382,"column":8},"end":{"line":1399,"column":10}},"547":{"start":{"line":1386,"column":12},"end":{"line":1386,"column":72}},"548":{"start":{"line":1388,"column":12},"end":{"line":1393,"column":15}},"549":{"start":{"line":1389,"column":16},"end":{"line":1392,"column":19}},"550":{"start":{"line":1390,"column":20},"end":{"line":1390,"column":41}},"551":{"start":{"line":1391,"column":20},"end":{"line":1391,"column":40}},"552":{"start":{"line":1395,"column":12},"end":{"line":1398,"column":15}},"553":{"start":{"line":1396,"column":16},"end":{"line":1396,"column":58}},"554":{"start":{"line":1397,"column":16},"end":{"line":1397,"column":26}},"555":{"start":{"line":1401,"column":8},"end":{"line":1480,"column":10}},"556":{"start":{"line":1405,"column":12},"end":{"line":1405,"column":25}},"557":{"start":{"line":1407,"column":12},"end":{"line":1407,"column":62}},"558":{"start":{"line":1408,"column":12},"end":{"line":1408,"column":58}},"559":{"start":{"line":1410,"column":12},"end":{"line":1424,"column":19}},"560":{"start":{"line":1425,"column":12},"end":{"line":1428,"column":14}},"561":{"start":{"line":1430,"column":12},"end":{"line":1455,"column":19}},"562":{"start":{"line":1456,"column":12},"end":{"line":1478,"column":39}},"563":{"start":{"line":1479,"column":12},"end":{"line":1479,"column":22}},"564":{"start":{"line":1482,"column":8},"end":{"line":1496,"column":10}},"565":{"start":{"line":1486,"column":12},"end":{"line":1486,"column":25}},"566":{"start":{"line":1487,"column":12},"end":{"line":1495,"column":24}},"567":{"start":{"line":1491,"column":16},"end":{"line":1491,"column":46}},"568":{"start":{"line":1493,"column":16},"end":{"line":1493,"column":61}},"569":{"start":{"line":1494,"column":16},"end":{"line":1494,"column":26}},"570":{"start":{"line":1498,"column":8},"end":{"line":1512,"column":10}},"571":{"start":{"line":1502,"column":12},"end":{"line":1502,"column":25}},"572":{"start":{"line":1504,"column":12},"end":{"line":1504,"column":73}},"573":{"start":{"line":1506,"column":12},"end":{"line":1506,"column":67}},"574":{"start":{"line":1508,"column":12},"end":{"line":1508,"column":59}},"575":{"start":{"line":1510,"column":12},"end":{"line":1510,"column":56}},"576":{"start":{"line":1511,"column":12},"end":{"line":1511,"column":22}},"577":{"start":{"line":1514,"column":8},"end":{"line":1557,"column":10}},"578":{"start":{"line":1518,"column":12},"end":{"line":1525,"column":14}},"579":{"start":{"line":1526,"column":12},"end":{"line":1556,"column":24}},"580":{"start":{"line":1528,"column":16},"end":{"line":1541,"column":19}},"581":{"start":{"line":1543,"column":16},"end":{"line":1554,"column":19}},"582":{"start":{"line":1555,"column":16},"end":{"line":1555,"column":26}},"583":{"start":{"line":1559,"column":8},"end":{"line":1569,"column":10}},"584":{"start":{"line":1563,"column":12},"end":{"line":1563,"column":25}},"585":{"start":{"line":1565,"column":12},"end":{"line":1565,"column":47}},"586":{"start":{"line":1567,"column":12},"end":{"line":1567,"column":84}},"587":{"start":{"line":1568,"column":12},"end":{"line":1568,"column":22}},"588":{"start":{"line":1571,"column":4},"end":{"line":2228,"column":5}},"589":{"start":{"line":1577,"column":8},"end":{"line":1594,"column":10}},"590":{"start":{"line":1581,"column":12},"end":{"line":1586,"column":14}},"591":{"start":{"line":1583,"column":20},"end":{"line":1583,"column":52}},"592":{"start":{"line":1584,"column":20},"end":{"line":1584,"column":52}},"593":{"start":{"line":1587,"column":12},"end":{"line":1593,"column":24}},"594":{"start":{"line":1588,"column":16},"end":{"line":1591,"column":19}},"595":{"start":{"line":1590,"column":20},"end":{"line":1590,"column":47}},"596":{"start":{"line":1592,"column":16},"end":{"line":1592,"column":26}},"597":{"start":{"line":1596,"column":8},"end":{"line":1624,"column":10}},"598":{"start":{"line":1600,"column":12},"end":{"line":1600,"column":25}},"599":{"start":{"line":1602,"column":12},"end":{"line":1602,"column":36}},"600":{"start":{"line":1604,"column":12},"end":{"line":1604,"column":49}},"601":{"start":{"line":1605,"column":12},"end":{"line":1605,"column":59}},"602":{"start":{"line":1607,"column":12},"end":{"line":1607,"column":46}},"603":{"start":{"line":1609,"column":12},"end":{"line":1609,"column":49}},"604":{"start":{"line":1610,"column":12},"end":{"line":1610,"column":54}},"605":{"start":{"line":1612,"column":12},"end":{"line":1612,"column":37}},"606":{"start":{"line":1614,"column":12},"end":{"line":1614,"column":49}},"607":{"start":{"line":1615,"column":12},"end":{"line":1615,"column":59}},"608":{"start":{"line":1617,"column":12},"end":{"line":1617,"column":46}},"609":{"start":{"line":1619,"column":12},"end":{"line":1619,"column":36}},"610":{"start":{"line":1621,"column":12},"end":{"line":1621,"column":49}},"611":{"start":{"line":1622,"column":12},"end":{"line":1622,"column":59}},"612":{"start":{"line":1623,"column":12},"end":{"line":1623,"column":22}},"613":{"start":{"line":1626,"column":8},"end":{"line":1634,"column":10}},"614":{"start":{"line":1630,"column":12},"end":{"line":1630,"column":25}},"615":{"start":{"line":1631,"column":12},"end":{"line":1631,"column":92}},"616":{"start":{"line":1632,"column":12},"end":{"line":1632,"column":87}},"617":{"start":{"line":1633,"column":12},"end":{"line":1633,"column":22}},"618":{"start":{"line":1635,"column":8},"end":{"line":1635,"column":14}},"619":{"start":{"line":1641,"column":8},"end":{"line":1674,"column":10}},"620":{"start":{"line":1645,"column":12},"end":{"line":1645,"column":25}},"621":{"start":{"line":1646,"column":12},"end":{"line":1671,"column":15}},"622":{"start":{"line":1647,"column":16},"end":{"line":1670,"column":17}},"623":{"start":{"line":1650,"column":20},"end":{"line":1650,"column":72}},"624":{"start":{"line":1651,"column":20},"end":{"line":1651,"column":26}},"625":{"start":{"line":1654,"column":20},"end":{"line":1654,"column":70}},"626":{"start":{"line":1656,"column":20},"end":{"line":1661,"column":39}},"627":{"start":{"line":1662,"column":20},"end":{"line":1662,"column":26}},"628":{"start":{"line":1665,"column":20},"end":{"line":1665,"column":64}},"629":{"start":{"line":1666,"column":20},"end":{"line":1666,"column":37}},"630":{"start":{"line":1667,"column":20},"end":{"line":1667,"column":26}},"631":{"start":{"line":1669,"column":20},"end":{"line":1669,"column":35}},"632":{"start":{"line":1672,"column":12},"end":{"line":1672,"column":33}},"633":{"start":{"line":1673,"column":12},"end":{"line":1673,"column":29}},"634":{"start":{"line":1676,"column":8},"end":{"line":1696,"column":1
[...]
al.modeJs = (function () {","            try {","                return typeof navigator.userAgent === 'string' &&","                    typeof document.querySelector('body') === 'object' &&","                    typeof XMLHttpRequest.prototype.open === 'function' &&","                    'browser';","            } catch (errorCaughtBrowser) {","                return module.exports &&","                    typeof process.versions.node === 'string' &&","                    typeof require('http').createServer === 'function' &&","                    'node';","            }","        }());","        // init global","        local.global = local.modeJs === 'browser'","            ? window","            : global;","        // init utility2_rollup","        local = local.global.utility2_rollup || (local.modeJs === 'browser'","            ? window.utility2","            : global.utility2_moduleExports);","        // export local","        local.global.local = local;","        // run test-server","        local.testRunServer(local);","        // init assets","        local.assetsDict['/assets.hello'] = 'hello';","    }());","    switch (local.modeJs) {","","","","    // run browser js-env code - function","    case 'browser':","        local.testCase_ajax_200 = function (options, onError) {","        /*","         * this function will test ajax's \"200 ok\" handling-behavior","         */","            options = {};","            // test ajax-path 'assets.hello'","            local.ajax({ url: 'assets.hello' }, function (error, xhr) {","                local.tryCatchOnError(function () {","                    // validate no error occurred","                    local.assert(!error, error);","                    // validate data","                    options.data = xhr.responseText;","                    local.assert(options.data === 'hello', options.data);","                    onError();","                }, onError);","            });","        };","        local.testCase_ajax_404 = function (options, onError) {","        /*","         * this function will test ajax's \"404 not found\" handling-behavior","         */","            options = {};","            // test ajax-path '/undefined'","            local.ajax({ url: '/undefined' }, function (error) {","                local.tryCatchOnError(function () {","                    // validate error occurred","                    local.assert(error, error);","                    options.statusCode = error.statusCode;","                    // validate 404 http statusCode","                    local.assert(options.statusCode === 404, options.statusCode);","                    onError();","                }, onError);","            });","        };","        break;","","","","    // run node js-env code - function","    case 'node':","        local.testCase_webpage_default = function (options, onError) {","        /*","         * this function will test webpage's default handling-behavior","         */","            options = { modeCoverageMerge: true, url: local.serverLocalHost + '?modeTest=1' };","            local.browserTest(options, onError);","        };","        break;","    }","    switch (local.modeJs) {","","","","    // post-init","    // run browser js-env code - post-init","    /* istanbul ignore next */","    case 'browser':","        local.testRunBrowser = function (event) {","            if (!event || (event &&","                    event.currentTarget &&","                    event.currentTarget.className &&","                    event.currentTarget.className.includes &&","                    event.currentTarget.className.includes('onreset'))) {","                // reset output","                Array.from(","                    document.querySelectorAll('body > .resettable')","                ).forEach(function (element) {","                    switch (element.tagName) {","                    case 'INPUT':","                    case 'TEXTAREA':","                        element.value = '';","                        break;","                    default:","                        element.textContent = '';","                    }","                });","            }","            switch (event && event.currentTarget && event.currentTarget.id) {","            case 'testRunButton1':","                // show tests","                if (document.querySelector('#testReportDiv1').style.display === 'none') {","                    document.querySelector('#testReportDiv1').style.display = 'block';","                    document.querySelector('#testRunButton1').textContent =","                        'hide internal test';","                    local.modeTest = true;","                    local.testRunDefault(local);","                // hide tests","                } else {","                    document.querySelector('#testReportDiv1').style.display = 'none';","                    document.querySelector('#testRunButton1').textContent = 'run internal test';","                }","                break;","            // custom-case","            case 'testRunButton2':","                // run tests","                local.modeTest = true;","                local.testRunDefault(local);","                break;","            default:","                if (location.href.indexOf(\"modeTest=\") >= 0) {","                    return;","                }","                // try to JSON.stringify #inputTextareaEval1","                try {","                    document.querySelector('#outputPreJsonStringify1').textContent = '';","                    document.querySelector('#outputPreJsonStringify1').textContent =","                        local.jsonStringifyOrdered(","                            JSON.parse(document.querySelector('#inputTextareaEval1').value),","                            null,","                            4","                        );","                } catch (ignore) {","                }","                // jslint #inputTextareaEval1","                local.jslint.errorText = '';","                if (document.querySelector('#inputTextareaEval1').value","                        .indexOf('/*jslint') >= 0) {","                    local.jslint.jslintAndPrint(","                        document.querySelector('#inputTextareaEval1').value,","                        'inputTextareaEval1.js'","                    );","                }","                document.querySelector('#outputPreJslint1').textContent =","                    local.jslint.errorText","                    .replace((/\\u001b\\[\\d+m/g), '')","                    .trim();","                // try to cleanup __coverage__","                try {","                    delete local.global.__coverage__['/inputTextareaEval1.js'];","                } catch (ignore) {","                }","                // try to cover and eval input-code","                try {","                    /*jslint evil: true*/","                    document.querySelector('#outputTextarea1').value =","                        local.istanbul.instrumentSync(","                            document.querySelector('#inputTextareaEval1').value,","                            '/inputTextareaEval1.js'","                        );","                    eval(document.querySelector('#outputTextarea1').value);","                    document.querySelector('#coverageReportDiv1').innerHTML =","                        local.istanbul.coverageReportCreate({","                            coverage: window.__coverage__","                        });","                } catch (errorCaught) {","                    console.error(errorCaught.stack);","                }","            }","            if (document.querySelector('#inputTextareaEval1') && (!event || (event &&","                    event.currentTarget &&","                    event.currentTarget.className &&","                    event.currentTarget.className.includes &&","                    event.currentTarget.className.includes('oneval')))) {","                // try to eval input-code","                try {","                    /*jslint evil: true*/","                    eval(document.querySelector('#inputTextareaEval1').value);","                } catch (errorCaught) {","                    console.error(errorCaught.stack);","                }","            }","        };","        // log stderr and stdout to #outputTextareaStdout1","        ['error', 'log'].forEach(function (key) {","            console[key + '_original'] = console[key];","            console[key] = function () {","                var element;","                console[key + '_original'].apply(console, arguments);","                element = document.querySelector('#outputTextareaStdout1');","                if (!element) {","                    return;","                }","                // append text to #outputTextareaStdout1","                element.value += Array.from(arguments).map(function (arg) {","                    return typeof arg === 'string'","                        ? arg","                        : JSON.stringify(arg, null, 4);","                }).join(' ') + '\\n';","                // scroll textarea to bottom","                element.scrollTop = element.scrollHeight;","            };","        });","        // init event-handling","        ['change', 'click', 'keyup'].forEach(function (event) {","            Array.from(document.querySelectorAll('.on' + event)).forEach(function (element) {","                element.addEventListener(event, local.testRunBrowser);","            });","        });","        // run tests","        local.testRunBrowser();","        break;","","","","    // run node js-env code - post-init","    /* istanbul ignore next */","    case 'node':","        // export local","        module.exports = local;","        // require modules","        local.fs = require('fs');","        local.http = require('http');","        local.url = require('url');","        // init assets","        local.assetsDict = local.assetsDict || {};","        /* jslint-ignore-begin */","        local.assetsDict['/assets.index.template.html'] = '\\","<!doctype html>\\n\\","<html lang=\"en\">\\n\\","<head>\\n\\","<meta charset=\"UTF-8\">\\n\\","<meta name=\"viewport\" content=\"width=device-width, initial-scale=1\">\\n\\","<title>{{env.npm_package_name}} (v{{env.npm_package_version}})</title>\\n\\","<style>\\n\\","/*csslint\\n\\","    box-sizing: false,\\n\\","    universal-selector: false\\n\\","*/\\n\\","* {\\n\\","    box-sizing: border-box;\\n\\","}\\n\\","body {\\n\\","    background: #dde;\\n\\","    font-family: Arial, Helvetica, sans-serif;\\n\\","    margin: 2rem;\\n\\","}\\n\\","body > * {\\n\\","    margin-bottom: 1rem;\\n\\","}\\n\\",".utility2FooterDiv {\\n\\","    margin-top: 20px;\\n\\","    text-align: center;\\n\\","}\\n\\","</style>\\n\\","<style>\\n\\","/*csslint\\n\\","    ids: false,\\n\\","*/\\n\\","#outputPreJslint1 {\\n\\","    color: #d00;\\n\\","}\\n\\","textarea {\\n\\","    font-family: monospace;\\n\\","    height: 10rem;\\n\\","    width: 100%;\\n\\","}\\n\\","textarea[readonly] {\\n\\","    background: #ddd;\\n\\","}\\n\\","</style>\\n\\","</head>\\n\\","<body>\\n\\","<!-- utility2-comment\\n\\","<div id=\"ajaxProgressDiv1\" style=\"background: #d00; height: 2px; left: 0; margin: 0; padding: 0; position: fixed; top: 0; transition: background 0.5s, width 1.5s; width: 25%;\"></div>\\n\\","utility2-comment -->\\n\\","<h1>\\n\\","<!-- utility2-comment\\n\\","    <a\\n\\","        {{#if env.npm_package_homepage}}\\n\\","        href=\"{{env.npm_package_homepage}}\"\\n\\","        {{/if env.npm_package_homepage}}\\n\\","        target=\"_blank\"\\n\\","    >\\n\\","utility2-comment -->\\n\\","        {{env.npm_package_name}} (v{{env.npm_package_version}})\\n\\","<!-- utility2-comment\\n\\","    </a>\\n\\","utility2-comment -->\\n\\","</h1>\\n\\","<h3>{{env.npm_package_description}}</h3>\\n\\","<!-- utility2-comment\\n\\","<h4><a download href=\"assets.app.js\">download standalone app</a></h4>\\n\\","utility2-comment -->\\n\\","\\n\\","\\n\\","\\n\\","<label>edit or paste script below to cover and test</label>\\n\\","<textarea class=\"oneval onkeyup onreset\" id=\"inputTextareaEval1\">\\n\\","// remove comment below to disable jslint\\n\\","/*jslint\\n\\","    browser: true,\\n\\","    es6: true\\n\\","*/\\n\\","/*global window*/\\n\\","(function () {\\n\\","    \"use strict\";\\n\\","    var testCaseDict;\\n\\","    testCaseDict = {};\\n\\","    testCaseDict.modeTest = true;\\n\\","\\n\\","    // comment this testCase to disable the failed assertion demo\\n\\","    testCaseDict.testCase_failed_assertion_demo = function (\\n\\","        options,\\n\\","        onError\\n\\","    ) {\\n\\","    /*\\n\\","     * this function will demo a failed assertion test\\n\\","     */\\n\\","        // jslint-hack\\n\\","        window.utility2.nop(options);\\n\\","        window.utility2.assert(false, \"this is a failed assertion demo\");\\n\\","        onError();\\n\\","    };\\n\\","\\n\\","    testCaseDict.testCase_passed_ajax_demo = function (options, onError) {\\n\\","    /*\\n\\","     * this function will demo a passed ajax test\\n\\","     */\\n\\","        var data;\\n\\","        options = {url: \"/\"};\\n\\","        // test ajax request for main-page \"/\"\\n\\","        window.utility2.ajax(options, function (error, xhr) {\\n\\","            try {\\n\\","                // validate no error occurred\\n\\","                window.utility2.assert(!error, error);\\n\\","                // validate \"200 ok\" status\\n\\","                window.utility2.assert(xhr.statusCode === 200, xhr.statusCode);\\n\\","                // validate non-empty data\\n\\","                data = xhr.responseText;\\n\\","                window.utility2.assert(data && data.length > 0, data);\\n\\","                onError();\\n\\","            } catch (errorCaught) {\\n\\","                onError(errorCaught);\\n\\","            }\\n\\","        });\\n\\","    };\\n\\","\\n\\","    window.utility2.testRunDefault(testCaseDict);\\n\\","}());\\n\\","</textarea>\\n\\","<pre id=\"outputPreJsonStringify1\"></pre>\\n\\","<pre id=\"outputPreJslint1\"></pre>\\n\\","<label>instrumented-code</label>\\n\\","<textarea class=\"resettable\" id=\"outputTextarea1\" readonly></textarea>\\n\\","<label>stderr and stdout</label>\\n\\","<textarea class=\"resettable\" id=\"outputTextareaStdout1\" readonly></textarea>\\n\\","<button class=\"onclick onreset\" id=\"testRunButton2\">run internal test</button><br>\\n\\","<div class=\"resettable\" id=\"testReportDiv1\" style=\"display: none;\"></div>\\n\\","<div id=\"coverageReportDiv1\" class=\"resettable\"></div>\\n\\","<!-- utility2-comment\\n\\","{{#if isRollup}}\\n\\","<script src=\"assets.app.js\"></script>\\n\\","{{#unless isRollup}}\\n\\","utility2-comment -->\\n\\","<script src=\"assets.utility2.lib.istanbul.js\"></script>\\n\\","<script src=\"assets.utility2.lib.jslint.js\"></script>\\n\\","<script src=\"assets.utility2.lib.db.js\"></script>\\n\\","<script src=\"assets.utility2.lib.sjcl.js\"></script>\\n\\","<script src=\"assets.utility2.lib.uglifyjs.js\"></script>\\n\\","<script src=\"assets.utility2.js\"></script>\\n\\","<script src=\"jsonp.utility2._stateInit?callback=window.utility2._stateInit\"></script>\\n\\","<script>window.utility2.onResetBefore.counter += 1;</script>\\n\\","<script src=\"assets.example.js\"></script>\\n\\","<script src=\"assets.test.js\"></script>\\n\\","<script>window.utility2.onResetBefore();</script>\\n\\","<!-- utility2-comment\\n\\","{{/if isRollup}}\\n\\","utility2-comment -->\\n\\","<div class=\"utility2FooterDiv\">\\n\\","    [ this app was created with\\n\\","    <a href=\"https://github.com/kaizhu256/node-utility2\" target=\"_blank\">utility2</a>\\n\\","    ]\\n\\","</div>\\n\\","</body>\\n\\","</html>\\n\\","';","        /* jslint-ignore-end */","        if (local.templateRender) {","            local.assetsDict['/'] = local.templateRender(","                local.assetsDict['/assets.index.template.html'],","                {","                    env: local.objectSetDefault(local.env, {","                        npm_package_description: 'the greatest app in the world!',","                        npm_package_name: 'my-app',","                        npm_package_nameAlias: 'my_app',","                        npm_package_version: '0.0.1'","                    })","                }","            );","        } else {","            local.assetsDict['/'] = local.assetsDict['/assets.index.template.html']","                .replace((/\\{\\{env\\.(\\w+?)\\}\\}/g), function (match0, match1) {","                    // jslint-hack","                    String(match0);","                    switch (match1) {","                    case 'npm_package_description':","                        return 'the greatest app in the world!';","                    case 'npm_package_name':","                        return 'my-app';","                    case 'npm_package_nameAlias':","                        return 'my_app';","                    case 'npm_package_version':","                        return '0.0.1';","                    }","                });","        }","        // run the cli","        if (local.global.utility2_rollup || module !== require.main) {","            break;","        }","        local.assetsDict['/assets.example.js'] =","            local.assetsDict['/assets.example.js'] ||","            local.fs.readFileSync(__filename, 'utf8');","        local.assetsDict['/assets.utility2.rollup.js'] =","            local.assetsDict['/assets.utility2.rollup.js'] ||","            local.fs.readFileSync(","                // buildCustomOrg-hack","                local.utility2.__dirname +","                    '/lib.utility2.js',","                'utf8'","            ).replace((/^#!/), '//');","        local.assetsDict['/favicon.ico'] = local.assetsDict['/favicon.ico'] || '';","        // if $npm_config_timeout_exit exists,","        // then exit this process after $npm_config_timeout_exit ms","        if (Number(process.env.npm_config_timeout_exit)) {","            setTimeout(process.exit, Number(process.env.npm_config_timeout_exit));","        }","        // start server","        if (local.global.utility2_serverHttp1) {","            break;","        }","        process.env.PORT = process.env.PORT || '8081';","        console.error('server starting on port ' + process.env.PORT);","        local.http.createServer(function (request, response) {","            request.urlParsed = local.url.parse(request.url);","            if (local.assetsDict[request.urlParsed.pathname] !== undefined) {","                response.end(local.assetsDict[request.urlParsed.pathname]);","                return;","            }","            response.statusCode = 404;","            response.end();","        }).listen(process.env.PORT);","        break;","    }","}());"],"l":{"157":3,"159":3,"164":3,"166":3,"168":3,"169":3,"170":3,"175":1,"182":3,"186":3,"190":3,"192":3,"194":3,"196":3,"202":2,"206":1,"208":1,"209":1,"211":1,"213":1,"214":1,"215":1,"219":2,"223":1,"225":1,"226":1,"228":1,"229":1,"231":1,"232":1,"236":2,"242":1,"246":1,"247":1,"249":1,"251":3,"259":2,"260":2,"266":2,"269":4,"272":2,"273":2,"275":2,"279":2,"282":1,"283":1,"284":1,"286":1,"287":1,"290":1,"291":1,"293":1,"297":1,"298":1,"299":1,"301":2,"302":2,"305":1,"306":1,"307":1,"316":1,"317":1,"319":1,"324":1,"329":1,"330":1,"334":1,"336":1,"341":1,"342":1,"347":1,"350":1,"356":1,"358":1,"360":1,"365":2,"366":4,"367":4,"368":92,"369":92,"370":92,"371":92,"372":5,"375":87,"376":87,"381":87,"385":2,"386":6,"387":2,"391":2,"392":2,"400":1,"402":1,"403":1,"404":1,"406":1,"408":1,"569":1,"570":1,"582":1,"585":1,"586":1,"588":1,"590":1,"592":1,"594":1,"599":1,"600":1,"602":1,"605":1,"613":1,"616":1,"617":1,"620":1,"621":1,"623":1,"624":1,"625":1,"626":1,"627":1,"628":1,"629":1,"631":1,"632":1,"634":1}}}